2020-07-21 12:27:19,315 INFO o.s.c.c.c.ConfigServicePropertySourceLocator [main] Fetching config from server at : http://localhost:8888
2020-07-21 12:27:27,233 INFO o.s.c.c.c.ConfigServicePropertySourceLocator [main] Located environment: name=edge-service, profiles=[default], label=null, version=993989b0586fdb265128dbcafc78c1db23b381d9, state=null
2020-07-21 12:27:27,238 INFO o.s.c.b.c.PropertySourceBootstrapConfiguration [main] Located property source: [BootstrapPropertySource {name='bootstrapProperties-configClient'}, BootstrapPropertySource {name='bootstrapProperties-https://github.com/alvarofc/loan-properties/application.properties'}]
2020-07-21 12:27:27,258 INFO c.i.e.EdgeServiceApplication [main] No active profile set, falling back to default profiles: default
2020-07-21 12:27:29,802 INFO o.s.c.c.s.GenericScope [main] BeanFactory id=152ca21b-bddb-3298-8a75-2e899fb972b5
2020-07-21 12:27:30,007 INFO o.s.c.s.PostProcessorRegistrationDelegate$BeanPostProcessorChecker [main] Bean 'com.ironhack.edgeservice.client.CommentServiceClient' of type [org.springframework.cloud.openfeign.FeignClientFactoryBean] is not eligible for getting processed by all BeanPostProcessors (for example: not eligible for auto-proxying)
2020-07-21 12:27:30,008 INFO o.s.c.s.PostProcessorRegistrationDelegate$BeanPostProcessorChecker [main] Bean 'com.ironhack.edgeservice.client.LoanServiceClient' of type [org.springframework.cloud.openfeign.FeignClientFactoryBean] is not eligible for getting processed by all BeanPostProcessors (for example: not eligible for auto-proxying)
2020-07-21 12:27:30,010 INFO o.s.c.s.PostProcessorRegistrationDelegate$BeanPostProcessorChecker [main] Bean 'com.ironhack.edgeservice.client.ProjectServiceClient' of type [org.springframework.cloud.openfeign.FeignClientFactoryBean] is not eligible for getting processed by all BeanPostProcessors (for example: not eligible for auto-proxying)
2020-07-21 12:27:30,011 INFO o.s.c.s.PostProcessorRegistrationDelegate$BeanPostProcessorChecker [main] Bean 'com.ironhack.edgeservice.client.UserServiceClient' of type [org.springframework.cloud.openfeign.FeignClientFactoryBean] is not eligible for getting processed by all BeanPostProcessors (for example: not eligible for auto-proxying)
2020-07-21 12:27:30,331 INFO o.s.c.s.PostProcessorRegistrationDelegate$BeanPostProcessorChecker [main] Bean 'org.springframework.security.access.expression.method.DefaultMethodSecurityExpressionHandler@6b2aafbc' of type [org.springframework.security.access.expression.method.DefaultMethodSecurityExpressionHandler] is not eligible for getting processed by all BeanPostProcessors (for example: not eligible for auto-proxying)
2020-07-21 12:27:30,338 INFO o.s.c.s.PostProcessorRegistrationDelegate$BeanPostProcessorChecker [main] Bean 'methodSecurityMetadataSource' of type [org.springframework.security.access.method.DelegatingMethodSecurityMetadataSource] is not eligible for getting processed by all BeanPostProcessors (for example: not eligible for auto-proxying)
2020-07-21 12:27:30,756 INFO o.s.b.w.e.t.TomcatWebServer [main] Tomcat initialized with port(s): 8080 (http)
2020-07-21 12:27:30,925 INFO o.s.b.w.s.c.ServletWebServerApplicationContext [main] Root WebApplicationContext: initialization completed in 3614 ms
2020-07-21 12:27:31,838 INFO s.d.s.w.PropertySourcedRequestMappingHandlerMapping [main] Mapped URL path [/v2/api-docs] onto method [springfox.documentation.swagger2.web.Swagger2Controller#getDocumentation(String, HttpServletRequest)]
2020-07-21 12:27:31,991 INFO o.s.s.w.DefaultSecurityFilterChain [main] Creating filter chain: any request, [org.springframework.security.web.context.request.async.WebAsyncManagerIntegrationFilter@56ba8e8c, org.springframework.security.web.context.SecurityContextPersistenceFilter@25823192, org.springframework.security.web.header.HeaderWriterFilter@2ec92631, org.springframework.web.filter.CorsFilter@774c5e5c, org.springframework.security.web.authentication.logout.LogoutFilter@405603b6, com.ironhack.edgeservice.security.JwtAuthenticationFilter@ff21443, org.springframework.security.web.savedrequest.RequestCacheAwareFilter@5c25daad, org.springframework.security.web.servletapi.SecurityContextHolderAwareRequestFilter@178dc733, org.springframework.security.web.authentication.AnonymousAuthenticationFilter@4cf01c41, org.springframework.security.web.session.SessionManagementFilter@45849604, org.springframework.security.web.access.ExceptionTranslationFilter@22a63740, org.springframework.security.web.access.intercept.FilterSecurityInterceptor@54b2d002]
2020-07-21 12:27:32,552 INFO o.s.s.c.ThreadPoolTaskExecutor [main] Initializing ExecutorService 'applicationTaskExecutor'
2020-07-21 12:27:32,893 WARN o.s.c.l.c.BlockingLoadBalancerClientAutoConfiguration$BlockingLoadBalancerClientRibbonWarnLogger [main] You already have RibbonLoadBalancerClient on your classpath. It will be used by default. As Spring Cloud Ribbon is in maintenance mode. We recommend switching to BlockingLoadBalancerClient instead. In order to use it, set the value of `spring.cloud.loadbalancer.ribbon.enabled` to `false` or remove spring-cloud-starter-netflix-ribbon from your project.
2020-07-21 12:27:32,967 INFO o.s.c.n.e.InstanceInfoFactory [main] Setting initial instance status as: STARTING
2020-07-21 12:27:34,128 INFO o.s.c.n.e.s.EurekaServiceRegistry [main] Registering application EDGE-SERVICE with eureka with status UP
2020-07-21 12:27:34,167 INFO o.s.b.w.e.t.TomcatWebServer [main] Tomcat started on port(s): 8080 (http) with context path ''
2020-07-21 12:27:34,168 INFO o.s.c.n.e.s.EurekaAutoServiceRegistration [main] Updating port to 8080
2020-07-21 12:27:34,352 INFO c.i.e.EdgeServiceApplication [main] Started EdgeServiceApplication in 16.272 seconds (JVM running for 17.412)
2020-07-23 13:02:35,364 INFO o.s.w.s.DispatcherServlet [http-nio-8080-exec-2] Initializing Servlet 'dispatcherServlet'
2020-07-23 13:02:35,681 INFO o.s.w.s.DispatcherServlet [http-nio-8080-exec-2] Completed initialization in 291 ms
2020-07-23 20:17:05,337 INFO o.s.c.n.e.s.EurekaServiceRegistry [SpringContextShutdownHook] Unregistering application EDGE-SERVICE with eureka with status DOWN
2020-07-23 20:17:21,102 INFO o.s.c.c.c.ConfigServicePropertySourceLocator [main] Fetching config from server at : http://localhost:8888
2020-07-23 20:17:28,555 INFO o.s.c.c.c.ConfigServicePropertySourceLocator [main] Located environment: name=edge-service, profiles=[default], label=null, version=7472d934083efc1865f2712b48ab5dc058713181, state=null
2020-07-23 20:17:28,557 INFO o.s.c.b.c.PropertySourceBootstrapConfiguration [main] Located property source: [BootstrapPropertySource {name='bootstrapProperties-configClient'}, BootstrapPropertySource {name='bootstrapProperties-https://github.com/alvarofc/loan-properties/application.properties'}]
2020-07-23 20:17:28,568 INFO c.i.e.EdgeServiceApplication [main] No active profile set, falling back to default profiles: default
2020-07-23 20:17:29,742 INFO o.s.c.c.s.GenericScope [main] BeanFactory id=5de9526d-863b-3470-b800-20972e7c5326
2020-07-23 20:17:29,933 INFO o.s.c.s.PostProcessorRegistrationDelegate$BeanPostProcessorChecker [main] Bean 'com.ironhack.edgeservice.client.CommentServiceClient' of type [org.springframework.cloud.openfeign.FeignClientFactoryBean] is not eligible for getting processed by all BeanPostProcessors (for example: not eligible for auto-proxying)
2020-07-23 20:17:29,934 INFO o.s.c.s.PostProcessorRegistrationDelegate$BeanPostProcessorChecker [main] Bean 'com.ironhack.edgeservice.client.LoanServiceClient' of type [org.springframework.cloud.openfeign.FeignClientFactoryBean] is not eligible for getting processed by all BeanPostProcessors (for example: not eligible for auto-proxying)
2020-07-23 20:17:29,935 INFO o.s.c.s.PostProcessorRegistrationDelegate$BeanPostProcessorChecker [main] Bean 'com.ironhack.edgeservice.client.ProjectServiceClient' of type [org.springframework.cloud.openfeign.FeignClientFactoryBean] is not eligible for getting processed by all BeanPostProcessors (for example: not eligible for auto-proxying)
2020-07-23 20:17:29,937 INFO o.s.c.s.PostProcessorRegistrationDelegate$BeanPostProcessorChecker [main] Bean 'com.ironhack.edgeservice.client.UserServiceClient' of type [org.springframework.cloud.openfeign.FeignClientFactoryBean] is not eligible for getting processed by all BeanPostProcessors (for example: not eligible for auto-proxying)
2020-07-23 20:17:30,236 INFO o.s.c.s.PostProcessorRegistrationDelegate$BeanPostProcessorChecker [main] Bean 'org.springframework.security.access.expression.method.DefaultMethodSecurityExpressionHandler@283ab206' of type [org.springframework.security.access.expression.method.DefaultMethodSecurityExpressionHandler] is not eligible for getting processed by all BeanPostProcessors (for example: not eligible for auto-proxying)
2020-07-23 20:17:30,248 INFO o.s.c.s.PostProcessorRegistrationDelegate$BeanPostProcessorChecker [main] Bean 'methodSecurityMetadataSource' of type [org.springframework.security.access.method.DelegatingMethodSecurityMetadataSource] is not eligible for getting processed by all BeanPostProcessors (for example: not eligible for auto-proxying)
2020-07-23 20:17:30,506 INFO o.s.b.w.e.t.TomcatWebServer [main] Tomcat initialized with port(s): 8080 (http)
2020-07-23 20:17:30,634 INFO o.s.b.w.s.c.ServletWebServerApplicationContext [main] Root WebApplicationContext: initialization completed in 2021 ms
2020-07-23 20:17:31,456 INFO s.d.s.w.PropertySourcedRequestMappingHandlerMapping [main] Mapped URL path [/v2/api-docs] onto method [springfox.documentation.swagger2.web.Swagger2Controller#getDocumentation(String, HttpServletRequest)]
2020-07-23 20:17:31,570 INFO o.s.s.w.DefaultSecurityFilterChain [main] Creating filter chain: any request, [org.springframework.security.web.context.request.async.WebAsyncManagerIntegrationFilter@55e5415d, org.springframework.security.web.context.SecurityContextPersistenceFilter@1dd443c1, org.springframework.security.web.header.HeaderWriterFilter@5cd71ee2, org.springframework.web.filter.CorsFilter@b8142f4, org.springframework.security.web.authentication.logout.LogoutFilter@628bd77e, com.ironhack.edgeservice.security.JwtAuthenticationFilter@42b4df5a, org.springframework.security.web.savedrequest.RequestCacheAwareFilter@448892f1, org.springframework.security.web.servletapi.SecurityContextHolderAwareRequestFilter@153c6603, org.springframework.security.web.authentication.AnonymousAuthenticationFilter@52d59507, org.springframework.security.web.session.SessionManagementFilter@63d0e8d, org.springframework.security.web.access.ExceptionTranslationFilter@2548fc01, org.springframework.security.web.access.intercept.FilterSecurityInterceptor@39ead1b7]
2020-07-23 20:17:31,884 INFO o.s.s.c.ThreadPoolTaskExecutor [main] Initializing ExecutorService 'applicationTaskExecutor'
2020-07-23 20:17:32,080 WARN o.s.c.l.c.BlockingLoadBalancerClientAutoConfiguration$BlockingLoadBalancerClientRibbonWarnLogger [main] You already have RibbonLoadBalancerClient on your classpath. It will be used by default. As Spring Cloud Ribbon is in maintenance mode. We recommend switching to BlockingLoadBalancerClient instead. In order to use it, set the value of `spring.cloud.loadbalancer.ribbon.enabled` to `false` or remove spring-cloud-starter-netflix-ribbon from your project.
2020-07-23 20:17:32,167 INFO o.s.c.n.e.InstanceInfoFactory [main] Setting initial instance status as: STARTING
2020-07-23 20:17:32,730 INFO o.s.c.n.e.s.EurekaServiceRegistry [main] Registering application EDGE-SERVICE with eureka with status UP
2020-07-23 20:17:32,755 INFO o.s.b.w.e.t.TomcatWebServer [main] Tomcat started on port(s): 8080 (http) with context path ''
2020-07-23 20:17:32,756 INFO o.s.c.n.e.s.EurekaAutoServiceRegistration [main] Updating port to 8080
2020-07-23 20:17:32,931 INFO c.i.e.EdgeServiceApplication [main] Started EdgeServiceApplication in 12.811 seconds (JVM running for 13.886)
2020-07-23 20:17:41,260 INFO o.s.w.s.DispatcherServlet [http-nio-8080-exec-1] Initializing Servlet 'dispatcherServlet'
2020-07-23 20:17:41,314 INFO o.s.w.s.DispatcherServlet [http-nio-8080-exec-1] Completed initialization in 54 ms
2020-07-23 20:22:07,946 WARN o.s.w.s.m.s.DefaultHandlerExceptionResolver [http-nio-8080-exec-7] Resolved [org.springframework.web.HttpRequestMethodNotSupportedException: Request method 'GET' not supported]
2020-07-23 20:40:08,411 WARN o.s.w.s.m.s.DefaultHandlerExceptionResolver [http-nio-8080-exec-9] Resolved [org.springframework.web.HttpRequestMethodNotSupportedException: Request method 'GET' not supported]
2020-07-23 20:40:13,981 WARN o.s.w.s.m.s.DefaultHandlerExceptionResolver [http-nio-8080-exec-2] Resolved [org.springframework.web.HttpRequestMethodNotSupportedException: Request method 'GET' not supported]
2020-07-23 20:53:45,854 INFO o.s.c.n.e.s.EurekaServiceRegistry [SpringContextShutdownHook] Unregistering application EDGE-SERVICE with eureka with status DOWN
2020-07-23 20:53:59,053 INFO o.s.c.c.c.ConfigServicePropertySourceLocator [main] Fetching config from server at : http://localhost:8888
2020-07-23 20:54:01,111 INFO o.s.c.c.c.ConfigServicePropertySourceLocator [main] Located environment: name=edge-service, profiles=[default], label=null, version=7472d934083efc1865f2712b48ab5dc058713181, state=null
2020-07-23 20:54:01,113 INFO o.s.c.b.c.PropertySourceBootstrapConfiguration [main] Located property source: [BootstrapPropertySource {name='bootstrapProperties-configClient'}, BootstrapPropertySource {name='bootstrapProperties-https://github.com/alvarofc/loan-properties/application.properties'}]
2020-07-23 20:54:01,119 INFO c.i.e.EdgeServiceApplication [main] No active profile set, falling back to default profiles: default
2020-07-23 20:54:02,174 INFO o.s.c.c.s.GenericScope [main] BeanFactory id=b9614d38-24da-3a73-89fc-82e817f22864
2020-07-23 20:54:02,343 INFO o.s.c.s.PostProcessorRegistrationDelegate$BeanPostProcessorChecker [main] Bean 'com.ironhack.edgeservice.client.CommentServiceClient' of type [org.springframework.cloud.openfeign.FeignClientFactoryBean] is not eligible for getting processed by all BeanPostProcessors (for example: not eligible for auto-proxying)
2020-07-23 20:54:02,344 INFO o.s.c.s.PostProcessorRegistrationDelegate$BeanPostProcessorChecker [main] Bean 'com.ironhack.edgeservice.client.LoanServiceClient' of type [org.springframework.cloud.openfeign.FeignClientFactoryBean] is not eligible for getting processed by all BeanPostProcessors (for example: not eligible for auto-proxying)
2020-07-23 20:54:02,345 INFO o.s.c.s.PostProcessorRegistrationDelegate$BeanPostProcessorChecker [main] Bean 'com.ironhack.edgeservice.client.ProjectServiceClient' of type [org.springframework.cloud.openfeign.FeignClientFactoryBean] is not eligible for getting processed by all BeanPostProcessors (for example: not eligible for auto-proxying)
2020-07-23 20:54:02,346 INFO o.s.c.s.PostProcessorRegistrationDelegate$BeanPostProcessorChecker [main] Bean 'com.ironhack.edgeservice.client.UserServiceClient' of type [org.springframework.cloud.openfeign.FeignClientFactoryBean] is not eligible for getting processed by all BeanPostProcessors (for example: not eligible for auto-proxying)
2020-07-23 20:54:02,608 INFO o.s.c.s.PostProcessorRegistrationDelegate$BeanPostProcessorChecker [main] Bean 'org.springframework.security.access.expression.method.DefaultMethodSecurityExpressionHandler@4c7d7430' of type [org.springframework.security.access.expression.method.DefaultMethodSecurityExpressionHandler] is not eligible for getting processed by all BeanPostProcessors (for example: not eligible for auto-proxying)
2020-07-23 20:54:02,614 INFO o.s.c.s.PostProcessorRegistrationDelegate$BeanPostProcessorChecker [main] Bean 'methodSecurityMetadataSource' of type [org.springframework.security.access.method.DelegatingMethodSecurityMetadataSource] is not eligible for getting processed by all BeanPostProcessors (for example: not eligible for auto-proxying)
2020-07-23 20:54:02,871 INFO o.s.b.w.e.t.TomcatWebServer [main] Tomcat initialized with port(s): 8080 (http)
2020-07-23 20:54:03,019 INFO o.s.b.w.s.c.ServletWebServerApplicationContext [main] Root WebApplicationContext: initialization completed in 1881 ms
2020-07-23 20:54:03,374 WARN o.s.b.w.s.c.AnnotationConfigServletWebServerApplicationContext [main] Exception encountered during context initialization - cancelling refresh attempt: org.springframework.beans.factory.UnsatisfiedDependencyException: Error creating bean with name 'projectController': Unsatisfied dependency expressed through field 'service'; nested exception is org.springframework.beans.factory.NoSuchBeanDefinitionException: No qualifying bean of type 'com.ironhack.edgeservice.service.ProjectService' available: expected at least 1 bean which qualifies as autowire candidate. Dependency annotations: {@org.springframework.beans.factory.annotation.Autowired(required=true)}
2020-07-23 20:54:03,392 INFO o.s.b.a.l.ConditionEvaluationReportLoggingListener [main] 

Error starting ApplicationContext. To display the conditions report re-run your application with 'debug' enabled.
2020-07-23 20:54:03,634 ERROR o.s.b.d.LoggingFailureAnalysisReporter [main] 

***************************
APPLICATION FAILED TO START
***************************

Description:

Field service in com.ironhack.edgeservice.controller.impl.ProjectController required a bean of type 'com.ironhack.edgeservice.service.ProjectService' that could not be found.

The injection point has the following annotations:
	- @org.springframework.beans.factory.annotation.Autowired(required=true)


Action:

Consider defining a bean of type 'com.ironhack.edgeservice.service.ProjectService' in your configuration.

2020-07-23 20:54:53,289 INFO o.s.c.c.c.ConfigServicePropertySourceLocator [main] Fetching config from server at : http://localhost:8888
2020-07-23 20:54:54,174 INFO o.s.c.c.c.ConfigServicePropertySourceLocator [main] Located environment: name=edge-service, profiles=[default], label=null, version=7472d934083efc1865f2712b48ab5dc058713181, state=null
2020-07-23 20:54:54,175 INFO o.s.c.b.c.PropertySourceBootstrapConfiguration [main] Located property source: [BootstrapPropertySource {name='bootstrapProperties-configClient'}, BootstrapPropertySource {name='bootstrapProperties-https://github.com/alvarofc/loan-properties/application.properties'}]
2020-07-23 20:54:54,182 INFO c.i.e.EdgeServiceApplication [main] No active profile set, falling back to default profiles: default
2020-07-23 20:54:55,468 INFO o.s.c.c.s.GenericScope [main] BeanFactory id=d15d461f-d1d4-3dbb-b9e8-dc452561f527
2020-07-23 20:54:55,712 INFO o.s.c.s.PostProcessorRegistrationDelegate$BeanPostProcessorChecker [main] Bean 'com.ironhack.edgeservice.client.CommentServiceClient' of type [org.springframework.cloud.openfeign.FeignClientFactoryBean] is not eligible for getting processed by all BeanPostProcessors (for example: not eligible for auto-proxying)
2020-07-23 20:54:55,714 INFO o.s.c.s.PostProcessorRegistrationDelegate$BeanPostProcessorChecker [main] Bean 'com.ironhack.edgeservice.client.LoanServiceClient' of type [org.springframework.cloud.openfeign.FeignClientFactoryBean] is not eligible for getting processed by all BeanPostProcessors (for example: not eligible for auto-proxying)
2020-07-23 20:54:55,715 INFO o.s.c.s.PostProcessorRegistrationDelegate$BeanPostProcessorChecker [main] Bean 'com.ironhack.edgeservice.client.ProjectServiceClient' of type [org.springframework.cloud.openfeign.FeignClientFactoryBean] is not eligible for getting processed by all BeanPostProcessors (for example: not eligible for auto-proxying)
2020-07-23 20:54:55,716 INFO o.s.c.s.PostProcessorRegistrationDelegate$BeanPostProcessorChecker [main] Bean 'com.ironhack.edgeservice.client.UserServiceClient' of type [org.springframework.cloud.openfeign.FeignClientFactoryBean] is not eligible for getting processed by all BeanPostProcessors (for example: not eligible for auto-proxying)
2020-07-23 20:54:56,033 INFO o.s.c.s.PostProcessorRegistrationDelegate$BeanPostProcessorChecker [main] Bean 'org.springframework.security.access.expression.method.DefaultMethodSecurityExpressionHandler@4975dda1' of type [org.springframework.security.access.expression.method.DefaultMethodSecurityExpressionHandler] is not eligible for getting processed by all BeanPostProcessors (for example: not eligible for auto-proxying)
2020-07-23 20:54:56,043 INFO o.s.c.s.PostProcessorRegistrationDelegate$BeanPostProcessorChecker [main] Bean 'methodSecurityMetadataSource' of type [org.springframework.security.access.method.DelegatingMethodSecurityMetadataSource] is not eligible for getting processed by all BeanPostProcessors (for example: not eligible for auto-proxying)
2020-07-23 20:54:56,310 INFO o.s.b.w.e.t.TomcatWebServer [main] Tomcat initialized with port(s): 8080 (http)
2020-07-23 20:54:56,417 INFO o.s.b.w.s.c.ServletWebServerApplicationContext [main] Root WebApplicationContext: initialization completed in 2207 ms
2020-07-23 20:54:57,210 INFO s.d.s.w.PropertySourcedRequestMappingHandlerMapping [main] Mapped URL path [/v2/api-docs] onto method [springfox.documentation.swagger2.web.Swagger2Controller#getDocumentation(String, HttpServletRequest)]
2020-07-23 20:54:57,342 INFO o.s.s.w.DefaultSecurityFilterChain [main] Creating filter chain: any request, [org.springframework.security.web.context.request.async.WebAsyncManagerIntegrationFilter@351c6341, org.springframework.security.web.context.SecurityContextPersistenceFilter@201a8ea7, org.springframework.security.web.header.HeaderWriterFilter@63f3366a, org.springframework.web.filter.CorsFilter@32069394, org.springframework.security.web.authentication.logout.LogoutFilter@3d4818e8, com.ironhack.edgeservice.security.JwtAuthenticationFilter@2d47b06, org.springframework.security.web.savedrequest.RequestCacheAwareFilter@7b64bbad, org.springframework.security.web.servletapi.SecurityContextHolderAwareRequestFilter@6294e4a6, org.springframework.security.web.authentication.AnonymousAuthenticationFilter@70421a08, org.springframework.security.web.session.SessionManagementFilter@25ea068e, org.springframework.security.web.access.ExceptionTranslationFilter@c2e33, org.springframework.security.web.access.intercept.FilterSecurityInterceptor@45832b85]
2020-07-23 20:54:57,651 INFO o.s.s.c.ThreadPoolTaskExecutor [main] Initializing ExecutorService 'applicationTaskExecutor'
2020-07-23 20:54:57,855 WARN o.s.c.l.c.BlockingLoadBalancerClientAutoConfiguration$BlockingLoadBalancerClientRibbonWarnLogger [main] You already have RibbonLoadBalancerClient on your classpath. It will be used by default. As Spring Cloud Ribbon is in maintenance mode. We recommend switching to BlockingLoadBalancerClient instead. In order to use it, set the value of `spring.cloud.loadbalancer.ribbon.enabled` to `false` or remove spring-cloud-starter-netflix-ribbon from your project.
2020-07-23 20:54:57,924 INFO o.s.c.n.e.InstanceInfoFactory [main] Setting initial instance status as: STARTING
2020-07-23 20:54:58,496 INFO o.s.c.n.e.s.EurekaServiceRegistry [main] Registering application EDGE-SERVICE with eureka with status UP
2020-07-23 20:54:58,542 INFO o.s.b.w.e.t.TomcatWebServer [main] Tomcat started on port(s): 8080 (http) with context path ''
2020-07-23 20:54:58,543 INFO o.s.c.n.e.s.EurekaAutoServiceRegistration [main] Updating port to 8080
2020-07-23 20:54:58,725 INFO c.i.e.EdgeServiceApplication [main] Started EdgeServiceApplication in 6.254 seconds (JVM running for 7.118)
2020-07-23 20:55:11,235 INFO o.s.w.s.DispatcherServlet [http-nio-8080-exec-2] Initializing Servlet 'dispatcherServlet'
2020-07-23 20:55:11,256 INFO o.s.w.s.DispatcherServlet [http-nio-8080-exec-2] Completed initialization in 20 ms
2020-07-23 21:00:20,141 INFO o.s.c.n.e.s.EurekaServiceRegistry [SpringContextShutdownHook] Unregistering application EDGE-SERVICE with eureka with status DOWN
2020-07-23 21:02:05,181 INFO o.s.c.c.c.ConfigServicePropertySourceLocator [main] Fetching config from server at : http://localhost:8888
2020-07-23 21:02:06,155 INFO o.s.c.c.c.ConfigServicePropertySourceLocator [main] Located environment: name=edge-service, profiles=[default], label=null, version=7472d934083efc1865f2712b48ab5dc058713181, state=null
2020-07-23 21:02:06,157 INFO o.s.c.b.c.PropertySourceBootstrapConfiguration [main] Located property source: [BootstrapPropertySource {name='bootstrapProperties-configClient'}, BootstrapPropertySource {name='bootstrapProperties-https://github.com/alvarofc/loan-properties/application.properties'}]
2020-07-23 21:02:06,165 INFO c.i.e.EdgeServiceApplication [main] No active profile set, falling back to default profiles: default
2020-07-23 21:02:07,283 INFO o.s.c.c.s.GenericScope [main] BeanFactory id=d15d461f-d1d4-3dbb-b9e8-dc452561f527
2020-07-23 21:02:07,456 INFO o.s.c.s.PostProcessorRegistrationDelegate$BeanPostProcessorChecker [main] Bean 'com.ironhack.edgeservice.client.CommentServiceClient' of type [org.springframework.cloud.openfeign.FeignClientFactoryBean] is not eligible for getting processed by all BeanPostProcessors (for example: not eligible for auto-proxying)
2020-07-23 21:02:07,457 INFO o.s.c.s.PostProcessorRegistrationDelegate$BeanPostProcessorChecker [main] Bean 'com.ironhack.edgeservice.client.LoanServiceClient' of type [org.springframework.cloud.openfeign.FeignClientFactoryBean] is not eligible for getting processed by all BeanPostProcessors (for example: not eligible for auto-proxying)
2020-07-23 21:02:07,458 INFO o.s.c.s.PostProcessorRegistrationDelegate$BeanPostProcessorChecker [main] Bean 'com.ironhack.edgeservice.client.ProjectServiceClient' of type [org.springframework.cloud.openfeign.FeignClientFactoryBean] is not eligible for getting processed by all BeanPostProcessors (for example: not eligible for auto-proxying)
2020-07-23 21:02:07,459 INFO o.s.c.s.PostProcessorRegistrationDelegate$BeanPostProcessorChecker [main] Bean 'com.ironhack.edgeservice.client.UserServiceClient' of type [org.springframework.cloud.openfeign.FeignClientFactoryBean] is not eligible for getting processed by all BeanPostProcessors (for example: not eligible for auto-proxying)
2020-07-23 21:02:07,761 INFO o.s.c.s.PostProcessorRegistrationDelegate$BeanPostProcessorChecker [main] Bean 'org.springframework.security.access.expression.method.DefaultMethodSecurityExpressionHandler@4b93dd6a' of type [org.springframework.security.access.expression.method.DefaultMethodSecurityExpressionHandler] is not eligible for getting processed by all BeanPostProcessors (for example: not eligible for auto-proxying)
2020-07-23 21:02:07,767 INFO o.s.c.s.PostProcessorRegistrationDelegate$BeanPostProcessorChecker [main] Bean 'methodSecurityMetadataSource' of type [org.springframework.security.access.method.DelegatingMethodSecurityMetadataSource] is not eligible for getting processed by all BeanPostProcessors (for example: not eligible for auto-proxying)
2020-07-23 21:02:08,020 INFO o.s.b.w.e.t.TomcatWebServer [main] Tomcat initialized with port(s): 8080 (http)
2020-07-23 21:02:08,154 INFO o.s.b.w.s.c.ServletWebServerApplicationContext [main] Root WebApplicationContext: initialization completed in 1968 ms
2020-07-23 21:02:09,103 INFO s.d.s.w.PropertySourcedRequestMappingHandlerMapping [main] Mapped URL path [/v2/api-docs] onto method [springfox.documentation.swagger2.web.Swagger2Controller#getDocumentation(String, HttpServletRequest)]
2020-07-23 21:02:09,252 INFO o.s.s.w.DefaultSecurityFilterChain [main] Creating filter chain: any request, [org.springframework.security.web.context.request.async.WebAsyncManagerIntegrationFilter@33f2eb04, org.springframework.security.web.context.SecurityContextPersistenceFilter@73b8ab2c, org.springframework.security.web.header.HeaderWriterFilter@7ef60c02, org.springframework.web.filter.CorsFilter@4df13dd0, org.springframework.security.web.authentication.logout.LogoutFilter@24dc150c, com.ironhack.edgeservice.security.JwtAuthenticationFilter@7752c0e7, org.springframework.security.web.savedrequest.RequestCacheAwareFilter@549d14fe, org.springframework.security.web.servletapi.SecurityContextHolderAwareRequestFilter@2bd2430f, org.springframework.security.web.authentication.AnonymousAuthenticationFilter@2ed7978c, org.springframework.security.web.session.SessionManagementFilter@6408be5, org.springframework.security.web.access.ExceptionTranslationFilter@29532e91, org.springframework.security.web.access.intercept.FilterSecurityInterceptor@27053257]
2020-07-23 21:02:09,586 INFO o.s.s.c.ThreadPoolTaskExecutor [main] Initializing ExecutorService 'applicationTaskExecutor'
2020-07-23 21:02:09,795 WARN o.s.c.l.c.BlockingLoadBalancerClientAutoConfiguration$BlockingLoadBalancerClientRibbonWarnLogger [main] You already have RibbonLoadBalancerClient on your classpath. It will be used by default. As Spring Cloud Ribbon is in maintenance mode. We recommend switching to BlockingLoadBalancerClient instead. In order to use it, set the value of `spring.cloud.loadbalancer.ribbon.enabled` to `false` or remove spring-cloud-starter-netflix-ribbon from your project.
2020-07-23 21:02:09,872 INFO o.s.c.n.e.InstanceInfoFactory [main] Setting initial instance status as: STARTING
2020-07-23 21:02:10,547 INFO o.s.c.n.e.s.EurekaServiceRegistry [main] Registering application EDGE-SERVICE with eureka with status UP
2020-07-23 21:02:10,586 INFO o.s.b.w.e.t.TomcatWebServer [main] Tomcat started on port(s): 8080 (http) with context path ''
2020-07-23 21:02:10,587 INFO o.s.c.n.e.s.EurekaAutoServiceRegistration [main] Updating port to 8080
2020-07-23 21:02:10,784 INFO c.i.e.EdgeServiceApplication [main] Started EdgeServiceApplication in 6.564 seconds (JVM running for 7.805)
2020-07-23 21:02:41,150 INFO o.s.w.s.DispatcherServlet [http-nio-8080-exec-2] Initializing Servlet 'dispatcherServlet'
2020-07-23 21:02:41,177 INFO o.s.w.s.DispatcherServlet [http-nio-8080-exec-2] Completed initialization in 26 ms
2020-07-24 09:20:06,032 INFO o.s.c.n.e.s.EurekaServiceRegistry [SpringContextShutdownHook] Unregistering application EDGE-SERVICE with eureka with status DOWN
2020-07-24 09:20:24,888 INFO o.s.c.c.c.ConfigServicePropertySourceLocator [main] Fetching config from server at : http://localhost:8888
2020-07-24 09:20:27,163 INFO o.s.c.c.c.ConfigServicePropertySourceLocator [main] Located environment: name=edge-service, profiles=[default], label=null, version=7472d934083efc1865f2712b48ab5dc058713181, state=null
2020-07-24 09:20:27,165 INFO o.s.c.b.c.PropertySourceBootstrapConfiguration [main] Located property source: [BootstrapPropertySource {name='bootstrapProperties-configClient'}, BootstrapPropertySource {name='bootstrapProperties-https://github.com/alvarofc/loan-properties/application.properties'}]
2020-07-24 09:20:27,172 INFO c.i.e.EdgeServiceApplication [main] No active profile set, falling back to default profiles: default
2020-07-24 09:20:28,510 INFO o.s.c.c.s.GenericScope [main] BeanFactory id=676c6046-434a-3636-8b3c-0f535ee3b6f5
2020-07-24 09:20:28,788 INFO o.s.c.s.PostProcessorRegistrationDelegate$BeanPostProcessorChecker [main] Bean 'com.ironhack.edgeservice.client.CommentServiceClient' of type [org.springframework.cloud.openfeign.FeignClientFactoryBean] is not eligible for getting processed by all BeanPostProcessors (for example: not eligible for auto-proxying)
2020-07-24 09:20:28,800 INFO o.s.c.s.PostProcessorRegistrationDelegate$BeanPostProcessorChecker [main] Bean 'com.ironhack.edgeservice.client.LoanServiceClient' of type [org.springframework.cloud.openfeign.FeignClientFactoryBean] is not eligible for getting processed by all BeanPostProcessors (for example: not eligible for auto-proxying)
2020-07-24 09:20:28,802 INFO o.s.c.s.PostProcessorRegistrationDelegate$BeanPostProcessorChecker [main] Bean 'com.ironhack.edgeservice.client.ProjectServiceClient' of type [org.springframework.cloud.openfeign.FeignClientFactoryBean] is not eligible for getting processed by all BeanPostProcessors (for example: not eligible for auto-proxying)
2020-07-24 09:20:28,803 INFO o.s.c.s.PostProcessorRegistrationDelegate$BeanPostProcessorChecker [main] Bean 'com.ironhack.edgeservice.client.UserServiceClient' of type [org.springframework.cloud.openfeign.FeignClientFactoryBean] is not eligible for getting processed by all BeanPostProcessors (for example: not eligible for auto-proxying)
2020-07-24 09:20:29,071 INFO o.s.c.s.PostProcessorRegistrationDelegate$BeanPostProcessorChecker [main] Bean 'org.springframework.security.access.expression.method.DefaultMethodSecurityExpressionHandler@448ade1' of type [org.springframework.security.access.expression.method.DefaultMethodSecurityExpressionHandler] is not eligible for getting processed by all BeanPostProcessors (for example: not eligible for auto-proxying)
2020-07-24 09:20:29,079 INFO o.s.c.s.PostProcessorRegistrationDelegate$BeanPostProcessorChecker [main] Bean 'methodSecurityMetadataSource' of type [org.springframework.security.access.method.DelegatingMethodSecurityMetadataSource] is not eligible for getting processed by all BeanPostProcessors (for example: not eligible for auto-proxying)
2020-07-24 09:20:29,401 INFO o.s.b.w.e.t.TomcatWebServer [main] Tomcat initialized with port(s): 8080 (http)
2020-07-24 09:20:29,555 INFO o.s.b.w.s.c.ServletWebServerApplicationContext [main] Root WebApplicationContext: initialization completed in 2335 ms
2020-07-24 09:20:30,661 INFO s.d.s.w.PropertySourcedRequestMappingHandlerMapping [main] Mapped URL path [/v2/api-docs] onto method [springfox.documentation.swagger2.web.Swagger2Controller#getDocumentation(String, HttpServletRequest)]
2020-07-24 09:20:30,789 INFO o.s.s.w.DefaultSecurityFilterChain [main] Creating filter chain: any request, [org.springframework.security.web.context.request.async.WebAsyncManagerIntegrationFilter@5c7c75fb, org.springframework.security.web.context.SecurityContextPersistenceFilter@c2e33, org.springframework.security.web.header.HeaderWriterFilter@6f9a3325, org.springframework.web.filter.CorsFilter@729d6ee2, org.springframework.security.web.authentication.logout.LogoutFilter@460e5ffe, com.ironhack.edgeservice.security.JwtAuthenticationFilter@2d4e99de, org.springframework.security.web.savedrequest.RequestCacheAwareFilter@63f3366a, org.springframework.security.web.servletapi.SecurityContextHolderAwareRequestFilter@70aa58e1, org.springframework.security.web.authentication.AnonymousAuthenticationFilter@4adcc981, org.springframework.security.web.session.SessionManagementFilter@7805478c, org.springframework.security.web.access.ExceptionTranslationFilter@464a3430, org.springframework.security.web.access.intercept.FilterSecurityInterceptor@70421a08]
2020-07-24 09:20:31,138 INFO o.s.s.c.ThreadPoolTaskExecutor [main] Initializing ExecutorService 'applicationTaskExecutor'
2020-07-24 09:20:31,363 WARN o.s.c.l.c.BlockingLoadBalancerClientAutoConfiguration$BlockingLoadBalancerClientRibbonWarnLogger [main] You already have RibbonLoadBalancerClient on your classpath. It will be used by default. As Spring Cloud Ribbon is in maintenance mode. We recommend switching to BlockingLoadBalancerClient instead. In order to use it, set the value of `spring.cloud.loadbalancer.ribbon.enabled` to `false` or remove spring-cloud-starter-netflix-ribbon from your project.
2020-07-24 09:20:31,448 INFO o.s.c.n.e.InstanceInfoFactory [main] Setting initial instance status as: STARTING
2020-07-24 09:20:32,227 INFO o.s.c.n.e.s.EurekaServiceRegistry [main] Registering application EDGE-SERVICE with eureka with status UP
2020-07-24 09:20:32,278 INFO o.s.b.w.e.t.TomcatWebServer [main] Tomcat started on port(s): 8080 (http) with context path ''
2020-07-24 09:20:32,282 INFO o.s.c.n.e.s.EurekaAutoServiceRegistration [main] Updating port to 8080
2020-07-24 09:20:32,552 INFO c.i.e.EdgeServiceApplication [main] Started EdgeServiceApplication in 8.683 seconds (JVM running for 9.92)
2020-07-24 09:20:40,037 INFO o.s.w.s.DispatcherServlet [http-nio-8080-exec-1] Initializing Servlet 'dispatcherServlet'
2020-07-24 09:20:40,068 INFO o.s.w.s.DispatcherServlet [http-nio-8080-exec-1] Completed initialization in 25 ms
2020-07-24 09:24:10,440 INFO o.s.c.n.e.s.EurekaServiceRegistry [SpringContextShutdownHook] Unregistering application EDGE-SERVICE with eureka with status DOWN
2020-07-24 09:25:03,466 INFO o.s.c.c.c.ConfigServicePropertySourceLocator [main] Fetching config from server at : http://localhost:8888
2020-07-24 09:25:04,818 INFO o.s.c.c.c.ConfigServicePropertySourceLocator [main] Located environment: name=edge-service, profiles=[default], label=null, version=7472d934083efc1865f2712b48ab5dc058713181, state=null
2020-07-24 09:25:04,820 INFO o.s.c.b.c.PropertySourceBootstrapConfiguration [main] Located property source: [BootstrapPropertySource {name='bootstrapProperties-configClient'}, BootstrapPropertySource {name='bootstrapProperties-https://github.com/alvarofc/loan-properties/application.properties'}]
2020-07-24 09:25:04,826 INFO c.i.e.EdgeServiceApplication [main] No active profile set, falling back to default profiles: default
2020-07-24 09:25:05,988 INFO o.s.c.c.s.GenericScope [main] BeanFactory id=676c6046-434a-3636-8b3c-0f535ee3b6f5
2020-07-24 09:25:06,182 INFO o.s.c.s.PostProcessorRegistrationDelegate$BeanPostProcessorChecker [main] Bean 'com.ironhack.edgeservice.client.CommentServiceClient' of type [org.springframework.cloud.openfeign.FeignClientFactoryBean] is not eligible for getting processed by all BeanPostProcessors (for example: not eligible for auto-proxying)
2020-07-24 09:25:06,185 INFO o.s.c.s.PostProcessorRegistrationDelegate$BeanPostProcessorChecker [main] Bean 'com.ironhack.edgeservice.client.LoanServiceClient' of type [org.springframework.cloud.openfeign.FeignClientFactoryBean] is not eligible for getting processed by all BeanPostProcessors (for example: not eligible for auto-proxying)
2020-07-24 09:25:06,186 INFO o.s.c.s.PostProcessorRegistrationDelegate$BeanPostProcessorChecker [main] Bean 'com.ironhack.edgeservice.client.ProjectServiceClient' of type [org.springframework.cloud.openfeign.FeignClientFactoryBean] is not eligible for getting processed by all BeanPostProcessors (for example: not eligible for auto-proxying)
2020-07-24 09:25:06,188 INFO o.s.c.s.PostProcessorRegistrationDelegate$BeanPostProcessorChecker [main] Bean 'com.ironhack.edgeservice.client.UserServiceClient' of type [org.springframework.cloud.openfeign.FeignClientFactoryBean] is not eligible for getting processed by all BeanPostProcessors (for example: not eligible for auto-proxying)
2020-07-24 09:25:06,424 INFO o.s.c.s.PostProcessorRegistrationDelegate$BeanPostProcessorChecker [main] Bean 'org.springframework.security.access.expression.method.DefaultMethodSecurityExpressionHandler@3a3883c4' of type [org.springframework.security.access.expression.method.DefaultMethodSecurityExpressionHandler] is not eligible for getting processed by all BeanPostProcessors (for example: not eligible for auto-proxying)
2020-07-24 09:25:06,433 INFO o.s.c.s.PostProcessorRegistrationDelegate$BeanPostProcessorChecker [main] Bean 'methodSecurityMetadataSource' of type [org.springframework.security.access.method.DelegatingMethodSecurityMetadataSource] is not eligible for getting processed by all BeanPostProcessors (for example: not eligible for auto-proxying)
2020-07-24 09:25:06,783 INFO o.s.b.w.e.t.TomcatWebServer [main] Tomcat initialized with port(s): 8080 (http)
2020-07-24 09:25:06,961 INFO o.s.b.w.s.c.ServletWebServerApplicationContext [main] Root WebApplicationContext: initialization completed in 2112 ms
2020-07-24 09:25:07,933 INFO s.d.s.w.PropertySourcedRequestMappingHandlerMapping [main] Mapped URL path [/v2/api-docs] onto method [springfox.documentation.swagger2.web.Swagger2Controller#getDocumentation(String, HttpServletRequest)]
2020-07-24 09:25:08,074 INFO o.s.s.w.DefaultSecurityFilterChain [main] Creating filter chain: any request, [org.springframework.security.web.context.request.async.WebAsyncManagerIntegrationFilter@75aa7703, org.springframework.security.web.context.SecurityContextPersistenceFilter@b267745, org.springframework.security.web.header.HeaderWriterFilter@4b9fa2f, org.springframework.web.filter.CorsFilter@79777da7, org.springframework.security.web.authentication.logout.LogoutFilter@3ad2883a, com.ironhack.edgeservice.security.JwtAuthenticationFilter@3de8f85c, org.springframework.security.web.savedrequest.RequestCacheAwareFilter@2ebf524, org.springframework.security.web.servletapi.SecurityContextHolderAwareRequestFilter@3be46d9c, org.springframework.security.web.authentication.AnonymousAuthenticationFilter@3395c2a7, org.springframework.security.web.session.SessionManagementFilter@452ec287, org.springframework.security.web.access.ExceptionTranslationFilter@6b86826a, org.springframework.security.web.access.intercept.FilterSecurityInterceptor@cfb94fd]
2020-07-24 09:25:08,452 INFO o.s.s.c.ThreadPoolTaskExecutor [main] Initializing ExecutorService 'applicationTaskExecutor'
2020-07-24 09:25:08,712 WARN o.s.c.l.c.BlockingLoadBalancerClientAutoConfiguration$BlockingLoadBalancerClientRibbonWarnLogger [main] You already have RibbonLoadBalancerClient on your classpath. It will be used by default. As Spring Cloud Ribbon is in maintenance mode. We recommend switching to BlockingLoadBalancerClient instead. In order to use it, set the value of `spring.cloud.loadbalancer.ribbon.enabled` to `false` or remove spring-cloud-starter-netflix-ribbon from your project.
2020-07-24 09:25:08,806 INFO o.s.c.n.e.InstanceInfoFactory [main] Setting initial instance status as: STARTING
2020-07-24 09:25:09,507 INFO o.s.c.n.e.s.EurekaServiceRegistry [main] Registering application EDGE-SERVICE with eureka with status UP
2020-07-24 09:25:09,540 INFO o.s.b.w.e.t.TomcatWebServer [main] Tomcat started on port(s): 8080 (http) with context path ''
2020-07-24 09:25:09,541 INFO o.s.c.n.e.s.EurekaAutoServiceRegistration [main] Updating port to 8080
2020-07-24 09:25:09,754 INFO c.i.e.EdgeServiceApplication [main] Started EdgeServiceApplication in 7.66 seconds (JVM running for 8.701)
2020-07-24 09:25:13,547 INFO o.s.w.s.DispatcherServlet [http-nio-8080-exec-1] Initializing Servlet 'dispatcherServlet'
2020-07-24 09:25:13,560 INFO o.s.w.s.DispatcherServlet [http-nio-8080-exec-1] Completed initialization in 12 ms
2020-07-24 09:26:19,083 INFO o.s.c.c.c.ConfigServicePropertySourceLocator [main] Fetching config from server at : http://localhost:8888
2020-07-24 09:26:20,158 INFO o.s.c.c.c.ConfigServicePropertySourceLocator [main] Located environment: name=edge-service, profiles=[default], label=null, version=7472d934083efc1865f2712b48ab5dc058713181, state=null
2020-07-24 09:26:20,159 INFO o.s.c.b.c.PropertySourceBootstrapConfiguration [main] Located property source: [BootstrapPropertySource {name='bootstrapProperties-configClient'}, BootstrapPropertySource {name='bootstrapProperties-https://github.com/alvarofc/loan-properties/application.properties'}]
2020-07-24 09:26:20,164 INFO c.i.e.EdgeServiceApplication [main] No active profile set, falling back to default profiles: default
2020-07-24 09:26:21,275 INFO o.s.c.c.s.GenericScope [main] BeanFactory id=676c6046-434a-3636-8b3c-0f535ee3b6f5
2020-07-24 09:26:21,496 INFO o.s.c.s.PostProcessorRegistrationDelegate$BeanPostProcessorChecker [main] Bean 'com.ironhack.edgeservice.client.CommentServiceClient' of type [org.springframework.cloud.openfeign.FeignClientFactoryBean] is not eligible for getting processed by all BeanPostProcessors (for example: not eligible for auto-proxying)
2020-07-24 09:26:21,498 INFO o.s.c.s.PostProcessorRegistrationDelegate$BeanPostProcessorChecker [main] Bean 'com.ironhack.edgeservice.client.LoanServiceClient' of type [org.springframework.cloud.openfeign.FeignClientFactoryBean] is not eligible for getting processed by all BeanPostProcessors (for example: not eligible for auto-proxying)
2020-07-24 09:26:21,500 INFO o.s.c.s.PostProcessorRegistrationDelegate$BeanPostProcessorChecker [main] Bean 'com.ironhack.edgeservice.client.ProjectServiceClient' of type [org.springframework.cloud.openfeign.FeignClientFactoryBean] is not eligible for getting processed by all BeanPostProcessors (for example: not eligible for auto-proxying)
2020-07-24 09:26:21,501 INFO o.s.c.s.PostProcessorRegistrationDelegate$BeanPostProcessorChecker [main] Bean 'com.ironhack.edgeservice.client.UserServiceClient' of type [org.springframework.cloud.openfeign.FeignClientFactoryBean] is not eligible for getting processed by all BeanPostProcessors (for example: not eligible for auto-proxying)
2020-07-24 09:26:21,731 INFO o.s.c.s.PostProcessorRegistrationDelegate$BeanPostProcessorChecker [main] Bean 'org.springframework.security.access.expression.method.DefaultMethodSecurityExpressionHandler@79e10fb4' of type [org.springframework.security.access.expression.method.DefaultMethodSecurityExpressionHandler] is not eligible for getting processed by all BeanPostProcessors (for example: not eligible for auto-proxying)
2020-07-24 09:26:21,743 INFO o.s.c.s.PostProcessorRegistrationDelegate$BeanPostProcessorChecker [main] Bean 'methodSecurityMetadataSource' of type [org.springframework.security.access.method.DelegatingMethodSecurityMetadataSource] is not eligible for getting processed by all BeanPostProcessors (for example: not eligible for auto-proxying)
2020-07-24 09:26:22,347 INFO o.s.b.w.e.t.TomcatWebServer [main] Tomcat initialized with port(s): 8080 (http)
2020-07-24 09:26:22,640 INFO o.s.b.w.s.c.ServletWebServerApplicationContext [main] Root WebApplicationContext: initialization completed in 2457 ms
2020-07-24 09:26:23,602 INFO s.d.s.w.PropertySourcedRequestMappingHandlerMapping [main] Mapped URL path [/v2/api-docs] onto method [springfox.documentation.swagger2.web.Swagger2Controller#getDocumentation(String, HttpServletRequest)]
2020-07-24 09:26:23,763 INFO o.s.s.w.DefaultSecurityFilterChain [main] Creating filter chain: any request, [org.springframework.security.web.context.request.async.WebAsyncManagerIntegrationFilter@66abb2fa, org.springframework.security.web.context.SecurityContextPersistenceFilter@1d2d4d7a, org.springframework.security.web.header.HeaderWriterFilter@a0e33db, org.springframework.web.filter.CorsFilter@7d4da729, org.springframework.security.web.authentication.logout.LogoutFilter@31e22365, com.ironhack.edgeservice.security.JwtAuthenticationFilter@44492c06, org.springframework.security.web.savedrequest.RequestCacheAwareFilter@4bbc02ef, org.springframework.security.web.servletapi.SecurityContextHolderAwareRequestFilter@4990b335, org.springframework.security.web.authentication.AnonymousAuthenticationFilter@2133b712, org.springframework.security.web.session.SessionManagementFilter@3815a7d1, org.springframework.security.web.access.ExceptionTranslationFilter@1dbc607d, org.springframework.security.web.access.intercept.FilterSecurityInterceptor@fb2c2f3]
2020-07-24 09:26:24,161 INFO o.s.s.c.ThreadPoolTaskExecutor [main] Initializing ExecutorService 'applicationTaskExecutor'
2020-07-24 09:26:24,384 WARN o.s.c.l.c.BlockingLoadBalancerClientAutoConfiguration$BlockingLoadBalancerClientRibbonWarnLogger [main] You already have RibbonLoadBalancerClient on your classpath. It will be used by default. As Spring Cloud Ribbon is in maintenance mode. We recommend switching to BlockingLoadBalancerClient instead. In order to use it, set the value of `spring.cloud.loadbalancer.ribbon.enabled` to `false` or remove spring-cloud-starter-netflix-ribbon from your project.
2020-07-24 09:26:24,464 INFO o.s.c.n.e.InstanceInfoFactory [main] Setting initial instance status as: STARTING
2020-07-24 09:26:25,198 INFO o.s.c.n.e.s.EurekaServiceRegistry [main] Registering application EDGE-SERVICE with eureka with status UP
2020-07-24 09:26:25,232 INFO o.s.b.w.e.t.TomcatWebServer [main] Tomcat started on port(s): 8080 (http) with context path ''
2020-07-24 09:26:25,233 INFO o.s.c.n.e.s.EurekaAutoServiceRegistration [main] Updating port to 8080
2020-07-24 09:26:25,516 INFO c.i.e.EdgeServiceApplication [main] Started EdgeServiceApplication in 7.294 seconds (JVM running for 8.228)
2020-07-24 09:26:33,822 INFO o.s.w.s.DispatcherServlet [http-nio-8080-exec-2] Initializing Servlet 'dispatcherServlet'
2020-07-24 09:26:33,843 INFO o.s.w.s.DispatcherServlet [http-nio-8080-exec-2] Completed initialization in 20 ms
2020-07-24 09:27:27,473 INFO o.s.c.n.e.s.EurekaServiceRegistry [SpringContextShutdownHook] Unregistering application EDGE-SERVICE with eureka with status DOWN
2020-07-24 09:27:42,981 INFO o.s.c.c.c.ConfigServicePropertySourceLocator [main] Fetching config from server at : http://localhost:8888
2020-07-24 09:27:44,257 INFO o.s.c.c.c.ConfigServicePropertySourceLocator [main] Located environment: name=edge-service, profiles=[default], label=null, version=7472d934083efc1865f2712b48ab5dc058713181, state=null
2020-07-24 09:27:44,258 INFO o.s.c.b.c.PropertySourceBootstrapConfiguration [main] Located property source: [BootstrapPropertySource {name='bootstrapProperties-configClient'}, BootstrapPropertySource {name='bootstrapProperties-https://github.com/alvarofc/loan-properties/application.properties'}]
2020-07-24 09:27:44,263 INFO c.i.e.EdgeServiceApplication [main] No active profile set, falling back to default profiles: default
2020-07-24 09:27:45,558 INFO o.s.c.c.s.GenericScope [main] BeanFactory id=676c6046-434a-3636-8b3c-0f535ee3b6f5
2020-07-24 09:27:45,801 INFO o.s.c.s.PostProcessorRegistrationDelegate$BeanPostProcessorChecker [main] Bean 'com.ironhack.edgeservice.client.CommentServiceClient' of type [org.springframework.cloud.openfeign.FeignClientFactoryBean] is not eligible for getting processed by all BeanPostProcessors (for example: not eligible for auto-proxying)
2020-07-24 09:27:45,802 INFO o.s.c.s.PostProcessorRegistrationDelegate$BeanPostProcessorChecker [main] Bean 'com.ironhack.edgeservice.client.LoanServiceClient' of type [org.springframework.cloud.openfeign.FeignClientFactoryBean] is not eligible for getting processed by all BeanPostProcessors (for example: not eligible for auto-proxying)
2020-07-24 09:27:45,804 INFO o.s.c.s.PostProcessorRegistrationDelegate$BeanPostProcessorChecker [main] Bean 'com.ironhack.edgeservice.client.ProjectServiceClient' of type [org.springframework.cloud.openfeign.FeignClientFactoryBean] is not eligible for getting processed by all BeanPostProcessors (for example: not eligible for auto-proxying)
2020-07-24 09:27:45,806 INFO o.s.c.s.PostProcessorRegistrationDelegate$BeanPostProcessorChecker [main] Bean 'com.ironhack.edgeservice.client.UserServiceClient' of type [org.springframework.cloud.openfeign.FeignClientFactoryBean] is not eligible for getting processed by all BeanPostProcessors (for example: not eligible for auto-proxying)
2020-07-24 09:27:46,057 INFO o.s.c.s.PostProcessorRegistrationDelegate$BeanPostProcessorChecker [main] Bean 'org.springframework.security.access.expression.method.DefaultMethodSecurityExpressionHandler@62cf6a84' of type [org.springframework.security.access.expression.method.DefaultMethodSecurityExpressionHandler] is not eligible for getting processed by all BeanPostProcessors (for example: not eligible for auto-proxying)
2020-07-24 09:27:46,064 INFO o.s.c.s.PostProcessorRegistrationDelegate$BeanPostProcessorChecker [main] Bean 'methodSecurityMetadataSource' of type [org.springframework.security.access.method.DelegatingMethodSecurityMetadataSource] is not eligible for getting processed by all BeanPostProcessors (for example: not eligible for auto-proxying)
2020-07-24 09:27:46,357 INFO o.s.b.w.e.t.TomcatWebServer [main] Tomcat initialized with port(s): 8080 (http)
2020-07-24 09:27:46,523 INFO o.s.b.w.s.c.ServletWebServerApplicationContext [main] Root WebApplicationContext: initialization completed in 2241 ms
2020-07-24 09:27:47,571 INFO s.d.s.w.PropertySourcedRequestMappingHandlerMapping [main] Mapped URL path [/v2/api-docs] onto method [springfox.documentation.swagger2.web.Swagger2Controller#getDocumentation(String, HttpServletRequest)]
2020-07-24 09:27:47,716 INFO o.s.s.w.DefaultSecurityFilterChain [main] Creating filter chain: any request, [org.springframework.security.web.context.request.async.WebAsyncManagerIntegrationFilter@50b38342, org.springframework.security.web.context.SecurityContextPersistenceFilter@73b8ab2c, org.springframework.security.web.header.HeaderWriterFilter@7ef60c02, org.springframework.web.filter.CorsFilter@424a152f, org.springframework.security.web.authentication.logout.LogoutFilter@24dc150c, com.ironhack.edgeservice.security.JwtAuthenticationFilter@61e14b53, org.springframework.security.web.savedrequest.RequestCacheAwareFilter@549d14fe, org.springframework.security.web.servletapi.SecurityContextHolderAwareRequestFilter@2bd2430f, org.springframework.security.web.authentication.AnonymousAuthenticationFilter@408d945b, org.springframework.security.web.session.SessionManagementFilter@6408be5, org.springframework.security.web.access.ExceptionTranslationFilter@29532e91, org.springframework.security.web.access.intercept.FilterSecurityInterceptor@55e5415d]
2020-07-24 09:27:48,070 INFO o.s.s.c.ThreadPoolTaskExecutor [main] Initializing ExecutorService 'applicationTaskExecutor'
2020-07-24 09:27:48,300 WARN o.s.c.l.c.BlockingLoadBalancerClientAutoConfiguration$BlockingLoadBalancerClientRibbonWarnLogger [main] You already have RibbonLoadBalancerClient on your classpath. It will be used by default. As Spring Cloud Ribbon is in maintenance mode. We recommend switching to BlockingLoadBalancerClient instead. In order to use it, set the value of `spring.cloud.loadbalancer.ribbon.enabled` to `false` or remove spring-cloud-starter-netflix-ribbon from your project.
2020-07-24 09:27:48,383 INFO o.s.c.n.e.InstanceInfoFactory [main] Setting initial instance status as: STARTING
2020-07-24 09:27:49,116 INFO o.s.c.n.e.s.EurekaServiceRegistry [main] Registering application EDGE-SERVICE with eureka with status UP
2020-07-24 09:27:49,146 INFO o.s.b.w.e.t.TomcatWebServer [main] Tomcat started on port(s): 8080 (http) with context path ''
2020-07-24 09:27:49,147 INFO o.s.c.n.e.s.EurekaAutoServiceRegistration [main] Updating port to 8080
2020-07-24 09:27:49,342 INFO c.i.e.EdgeServiceApplication [main] Started EdgeServiceApplication in 7.427 seconds (JVM running for 8.361)
2020-07-24 09:27:53,965 INFO o.s.w.s.DispatcherServlet [http-nio-8080-exec-2] Initializing Servlet 'dispatcherServlet'
2020-07-24 09:27:53,977 INFO o.s.w.s.DispatcherServlet [http-nio-8080-exec-2] Completed initialization in 11 ms
2020-07-24 09:28:29,988 INFO o.s.c.n.e.s.EurekaServiceRegistry [SpringContextShutdownHook] Unregistering application EDGE-SERVICE with eureka with status DOWN
2020-07-24 09:28:45,201 INFO o.s.c.c.c.ConfigServicePropertySourceLocator [main] Fetching config from server at : http://localhost:8888
2020-07-24 09:28:46,231 INFO o.s.c.c.c.ConfigServicePropertySourceLocator [main] Located environment: name=edge-service, profiles=[default], label=null, version=7472d934083efc1865f2712b48ab5dc058713181, state=null
2020-07-24 09:28:46,232 INFO o.s.c.b.c.PropertySourceBootstrapConfiguration [main] Located property source: [BootstrapPropertySource {name='bootstrapProperties-configClient'}, BootstrapPropertySource {name='bootstrapProperties-https://github.com/alvarofc/loan-properties/application.properties'}]
2020-07-24 09:28:46,238 INFO c.i.e.EdgeServiceApplication [main] No active profile set, falling back to default profiles: default
2020-07-24 09:28:47,366 INFO o.s.c.c.s.GenericScope [main] BeanFactory id=676c6046-434a-3636-8b3c-0f535ee3b6f5
2020-07-24 09:28:47,563 INFO o.s.c.s.PostProcessorRegistrationDelegate$BeanPostProcessorChecker [main] Bean 'com.ironhack.edgeservice.client.CommentServiceClient' of type [org.springframework.cloud.openfeign.FeignClientFactoryBean] is not eligible for getting processed by all BeanPostProcessors (for example: not eligible for auto-proxying)
2020-07-24 09:28:47,564 INFO o.s.c.s.PostProcessorRegistrationDelegate$BeanPostProcessorChecker [main] Bean 'com.ironhack.edgeservice.client.LoanServiceClient' of type [org.springframework.cloud.openfeign.FeignClientFactoryBean] is not eligible for getting processed by all BeanPostProcessors (for example: not eligible for auto-proxying)
2020-07-24 09:28:47,565 INFO o.s.c.s.PostProcessorRegistrationDelegate$BeanPostProcessorChecker [main] Bean 'com.ironhack.edgeservice.client.ProjectServiceClient' of type [org.springframework.cloud.openfeign.FeignClientFactoryBean] is not eligible for getting processed by all BeanPostProcessors (for example: not eligible for auto-proxying)
2020-07-24 09:28:47,567 INFO o.s.c.s.PostProcessorRegistrationDelegate$BeanPostProcessorChecker [main] Bean 'com.ironhack.edgeservice.client.UserServiceClient' of type [org.springframework.cloud.openfeign.FeignClientFactoryBean] is not eligible for getting processed by all BeanPostProcessors (for example: not eligible for auto-proxying)
2020-07-24 09:28:47,824 INFO o.s.c.s.PostProcessorRegistrationDelegate$BeanPostProcessorChecker [main] Bean 'org.springframework.security.access.expression.method.DefaultMethodSecurityExpressionHandler@74123110' of type [org.springframework.security.access.expression.method.DefaultMethodSecurityExpressionHandler] is not eligible for getting processed by all BeanPostProcessors (for example: not eligible for auto-proxying)
2020-07-24 09:28:47,832 INFO o.s.c.s.PostProcessorRegistrationDelegate$BeanPostProcessorChecker [main] Bean 'methodSecurityMetadataSource' of type [org.springframework.security.access.method.DelegatingMethodSecurityMetadataSource] is not eligible for getting processed by all BeanPostProcessors (for example: not eligible for auto-proxying)
2020-07-24 09:28:48,143 INFO o.s.b.w.e.t.TomcatWebServer [main] Tomcat initialized with port(s): 8080 (http)
2020-07-24 09:28:48,292 INFO o.s.b.w.s.c.ServletWebServerApplicationContext [main] Root WebApplicationContext: initialization completed in 2031 ms
2020-07-24 09:28:49,191 INFO s.d.s.w.PropertySourcedRequestMappingHandlerMapping [main] Mapped URL path [/v2/api-docs] onto method [springfox.documentation.swagger2.web.Swagger2Controller#getDocumentation(String, HttpServletRequest)]
2020-07-24 09:28:49,332 INFO o.s.s.w.DefaultSecurityFilterChain [main] Creating filter chain: any request, [org.springframework.security.web.context.request.async.WebAsyncManagerIntegrationFilter@495e8a3, org.springframework.security.web.context.SecurityContextPersistenceFilter@3684d2c0, org.springframework.security.web.header.HeaderWriterFilter@2d4a0671, org.springframework.web.filter.CorsFilter@6a7aa675, org.springframework.security.web.authentication.logout.LogoutFilter@6ef4297d, com.ironhack.edgeservice.security.JwtAuthenticationFilter@28b5662d, org.springframework.security.web.savedrequest.RequestCacheAwareFilter@454e9d65, org.springframework.security.web.servletapi.SecurityContextHolderAwareRequestFilter@26679788, org.springframework.security.web.authentication.AnonymousAuthenticationFilter@6eded11a, org.springframework.security.web.session.SessionManagementFilter@3a1a0bc, org.springframework.security.web.access.ExceptionTranslationFilter@1bea7b0, org.springframework.security.web.access.intercept.FilterSecurityInterceptor@59b3f754]
2020-07-24 09:28:49,632 INFO o.s.s.c.ThreadPoolTaskExecutor [main] Initializing ExecutorService 'applicationTaskExecutor'
2020-07-24 09:28:49,860 WARN o.s.c.l.c.BlockingLoadBalancerClientAutoConfiguration$BlockingLoadBalancerClientRibbonWarnLogger [main] You already have RibbonLoadBalancerClient on your classpath. It will be used by default. As Spring Cloud Ribbon is in maintenance mode. We recommend switching to BlockingLoadBalancerClient instead. In order to use it, set the value of `spring.cloud.loadbalancer.ribbon.enabled` to `false` or remove spring-cloud-starter-netflix-ribbon from your project.
2020-07-24 09:28:49,955 INFO o.s.c.n.e.InstanceInfoFactory [main] Setting initial instance status as: STARTING
2020-07-24 09:28:50,714 INFO o.s.c.n.e.s.EurekaServiceRegistry [main] Registering application EDGE-SERVICE with eureka with status UP
2020-07-24 09:28:50,743 INFO o.s.b.w.e.t.TomcatWebServer [main] Tomcat started on port(s): 8080 (http) with context path ''
2020-07-24 09:28:50,744 INFO o.s.c.n.e.s.EurekaAutoServiceRegistration [main] Updating port to 8080
2020-07-24 09:28:50,930 INFO c.i.e.EdgeServiceApplication [main] Started EdgeServiceApplication in 6.813 seconds (JVM running for 7.931)
2020-07-24 09:28:54,802 INFO o.s.w.s.DispatcherServlet [http-nio-8080-exec-1] Initializing Servlet 'dispatcherServlet'
2020-07-24 09:28:54,832 INFO o.s.w.s.DispatcherServlet [http-nio-8080-exec-1] Completed initialization in 29 ms
2020-07-24 09:29:13,369 INFO o.s.c.n.e.s.EurekaServiceRegistry [SpringContextShutdownHook] Unregistering application EDGE-SERVICE with eureka with status DOWN
2020-07-24 09:29:27,474 INFO o.s.c.c.c.ConfigServicePropertySourceLocator [main] Fetching config from server at : http://localhost:8888
2020-07-24 09:29:28,168 INFO o.s.c.c.c.ConfigServicePropertySourceLocator [main] Located environment: name=edge-service, profiles=[default], label=null, version=7472d934083efc1865f2712b48ab5dc058713181, state=null
2020-07-24 09:29:28,169 INFO o.s.c.b.c.PropertySourceBootstrapConfiguration [main] Located property source: [BootstrapPropertySource {name='bootstrapProperties-configClient'}, BootstrapPropertySource {name='bootstrapProperties-https://github.com/alvarofc/loan-properties/application.properties'}]
2020-07-24 09:29:28,174 INFO c.i.e.EdgeServiceApplication [main] No active profile set, falling back to default profiles: default
2020-07-24 09:29:29,226 INFO o.s.c.c.s.GenericScope [main] BeanFactory id=676c6046-434a-3636-8b3c-0f535ee3b6f5
2020-07-24 09:29:29,410 INFO o.s.c.s.PostProcessorRegistrationDelegate$BeanPostProcessorChecker [main] Bean 'com.ironhack.edgeservice.client.CommentServiceClient' of type [org.springframework.cloud.openfeign.FeignClientFactoryBean] is not eligible for getting processed by all BeanPostProcessors (for example: not eligible for auto-proxying)
2020-07-24 09:29:29,411 INFO o.s.c.s.PostProcessorRegistrationDelegate$BeanPostProcessorChecker [main] Bean 'com.ironhack.edgeservice.client.LoanServiceClient' of type [org.springframework.cloud.openfeign.FeignClientFactoryBean] is not eligible for getting processed by all BeanPostProcessors (for example: not eligible for auto-proxying)
2020-07-24 09:29:29,413 INFO o.s.c.s.PostProcessorRegistrationDelegate$BeanPostProcessorChecker [main] Bean 'com.ironhack.edgeservice.client.ProjectServiceClient' of type [org.springframework.cloud.openfeign.FeignClientFactoryBean] is not eligible for getting processed by all BeanPostProcessors (for example: not eligible for auto-proxying)
2020-07-24 09:29:29,414 INFO o.s.c.s.PostProcessorRegistrationDelegate$BeanPostProcessorChecker [main] Bean 'com.ironhack.edgeservice.client.UserServiceClient' of type [org.springframework.cloud.openfeign.FeignClientFactoryBean] is not eligible for getting processed by all BeanPostProcessors (for example: not eligible for auto-proxying)
2020-07-24 09:29:29,652 INFO o.s.c.s.PostProcessorRegistrationDelegate$BeanPostProcessorChecker [main] Bean 'org.springframework.security.access.expression.method.DefaultMethodSecurityExpressionHandler@2bba35ef' of type [org.springframework.security.access.expression.method.DefaultMethodSecurityExpressionHandler] is not eligible for getting processed by all BeanPostProcessors (for example: not eligible for auto-proxying)
2020-07-24 09:29:29,660 INFO o.s.c.s.PostProcessorRegistrationDelegate$BeanPostProcessorChecker [main] Bean 'methodSecurityMetadataSource' of type [org.springframework.security.access.method.DelegatingMethodSecurityMetadataSource] is not eligible for getting processed by all BeanPostProcessors (for example: not eligible for auto-proxying)
2020-07-24 09:29:29,940 INFO o.s.b.w.e.t.TomcatWebServer [main] Tomcat initialized with port(s): 8080 (http)
2020-07-24 09:29:30,066 INFO o.s.b.w.s.c.ServletWebServerApplicationContext [main] Root WebApplicationContext: initialization completed in 1873 ms
2020-07-24 09:29:31,041 INFO s.d.s.w.PropertySourcedRequestMappingHandlerMapping [main] Mapped URL path [/v2/api-docs] onto method [springfox.documentation.swagger2.web.Swagger2Controller#getDocumentation(String, HttpServletRequest)]
2020-07-24 09:29:31,180 INFO o.s.s.w.DefaultSecurityFilterChain [main] Creating filter chain: any request, [org.springframework.security.web.context.request.async.WebAsyncManagerIntegrationFilter@b56d8a7, org.springframework.security.web.context.SecurityContextPersistenceFilter@2b62475a, org.springframework.security.web.header.HeaderWriterFilter@181098bf, org.springframework.web.filter.CorsFilter@13f36d75, org.springframework.security.web.authentication.logout.LogoutFilter@3be46d9c, com.ironhack.edgeservice.security.JwtAuthenticationFilter@5c1c9881, org.springframework.security.web.savedrequest.RequestCacheAwareFilter@624d778e, org.springframework.security.web.servletapi.SecurityContextHolderAwareRequestFilter@3c2dda7c, org.springframework.security.web.authentication.AnonymousAuthenticationFilter@6de5ad56, org.springframework.security.web.session.SessionManagementFilter@722b3ba2, org.springframework.security.web.access.ExceptionTranslationFilter@1ab268bd, org.springframework.security.web.access.intercept.FilterSecurityInterceptor@5d93ff21]
2020-07-24 09:29:31,497 INFO o.s.s.c.ThreadPoolTaskExecutor [main] Initializing ExecutorService 'applicationTaskExecutor'
2020-07-24 09:29:31,711 WARN o.s.c.l.c.BlockingLoadBalancerClientAutoConfiguration$BlockingLoadBalancerClientRibbonWarnLogger [main] You already have RibbonLoadBalancerClient on your classpath. It will be used by default. As Spring Cloud Ribbon is in maintenance mode. We recommend switching to BlockingLoadBalancerClient instead. In order to use it, set the value of `spring.cloud.loadbalancer.ribbon.enabled` to `false` or remove spring-cloud-starter-netflix-ribbon from your project.
2020-07-24 09:29:31,788 INFO o.s.c.n.e.InstanceInfoFactory [main] Setting initial instance status as: STARTING
2020-07-24 09:29:32,490 INFO o.s.c.n.e.s.EurekaServiceRegistry [main] Registering application EDGE-SERVICE with eureka with status UP
2020-07-24 09:29:32,525 INFO o.s.b.w.e.t.TomcatWebServer [main] Tomcat started on port(s): 8080 (http) with context path ''
2020-07-24 09:29:32,525 INFO o.s.c.n.e.s.EurekaAutoServiceRegistration [main] Updating port to 8080
2020-07-24 09:29:32,729 INFO c.i.e.EdgeServiceApplication [main] Started EdgeServiceApplication in 6.241 seconds (JVM running for 7.178)
2020-07-24 09:29:50,001 INFO o.s.w.s.DispatcherServlet [http-nio-8080-exec-1] Initializing Servlet 'dispatcherServlet'
2020-07-24 09:29:50,028 INFO o.s.w.s.DispatcherServlet [http-nio-8080-exec-1] Completed initialization in 25 ms
2020-07-24 10:22:17,291 INFO o.s.c.n.e.s.EurekaServiceRegistry [SpringContextShutdownHook] Unregistering application EDGE-SERVICE with eureka with status DOWN
2020-07-24 10:22:37,954 INFO o.s.c.c.c.ConfigServicePropertySourceLocator [main] Fetching config from server at : http://localhost:8888
2020-07-24 10:22:39,964 INFO o.s.c.c.c.ConfigServicePropertySourceLocator [main] Located environment: name=edge-service, profiles=[default], label=null, version=7472d934083efc1865f2712b48ab5dc058713181, state=null
2020-07-24 10:22:39,965 INFO o.s.c.b.c.PropertySourceBootstrapConfiguration [main] Located property source: [BootstrapPropertySource {name='bootstrapProperties-configClient'}, BootstrapPropertySource {name='bootstrapProperties-https://github.com/alvarofc/loan-properties/application.properties'}]
2020-07-24 10:22:39,971 INFO c.i.e.EdgeServiceApplication [main] No active profile set, falling back to default profiles: default
2020-07-24 10:22:43,690 INFO o.s.c.c.s.GenericScope [main] BeanFactory id=676c6046-434a-3636-8b3c-0f535ee3b6f5
2020-07-24 10:22:44,524 INFO o.s.c.s.PostProcessorRegistrationDelegate$BeanPostProcessorChecker [main] Bean 'com.ironhack.edgeservice.client.CommentServiceClient' of type [org.springframework.cloud.openfeign.FeignClientFactoryBean] is not eligible for getting processed by all BeanPostProcessors (for example: not eligible for auto-proxying)
2020-07-24 10:22:44,529 INFO o.s.c.s.PostProcessorRegistrationDelegate$BeanPostProcessorChecker [main] Bean 'com.ironhack.edgeservice.client.LoanServiceClient' of type [org.springframework.cloud.openfeign.FeignClientFactoryBean] is not eligible for getting processed by all BeanPostProcessors (for example: not eligible for auto-proxying)
2020-07-24 10:22:44,531 INFO o.s.c.s.PostProcessorRegistrationDelegate$BeanPostProcessorChecker [main] Bean 'com.ironhack.edgeservice.client.ProjectServiceClient' of type [org.springframework.cloud.openfeign.FeignClientFactoryBean] is not eligible for getting processed by all BeanPostProcessors (for example: not eligible for auto-proxying)
2020-07-24 10:22:44,534 INFO o.s.c.s.PostProcessorRegistrationDelegate$BeanPostProcessorChecker [main] Bean 'com.ironhack.edgeservice.client.UserServiceClient' of type [org.springframework.cloud.openfeign.FeignClientFactoryBean] is not eligible for getting processed by all BeanPostProcessors (for example: not eligible for auto-proxying)
2020-07-24 10:22:45,453 INFO o.s.c.s.PostProcessorRegistrationDelegate$BeanPostProcessorChecker [main] Bean 'org.springframework.security.access.expression.method.DefaultMethodSecurityExpressionHandler@625487a6' of type [org.springframework.security.access.expression.method.DefaultMethodSecurityExpressionHandler] is not eligible for getting processed by all BeanPostProcessors (for example: not eligible for auto-proxying)
2020-07-24 10:22:45,580 INFO o.s.c.s.PostProcessorRegistrationDelegate$BeanPostProcessorChecker [main] Bean 'methodSecurityMetadataSource' of type [org.springframework.security.access.method.DelegatingMethodSecurityMetadataSource] is not eligible for getting processed by all BeanPostProcessors (for example: not eligible for auto-proxying)
2020-07-24 10:22:46,864 INFO o.s.b.w.e.t.TomcatWebServer [main] Tomcat initialized with port(s): 8080 (http)
2020-07-24 10:22:47,228 INFO o.s.b.w.s.c.ServletWebServerApplicationContext [main] Root WebApplicationContext: initialization completed in 7237 ms
2020-07-24 10:22:51,260 INFO s.d.s.w.PropertySourcedRequestMappingHandlerMapping [main] Mapped URL path [/v2/api-docs] onto method [springfox.documentation.swagger2.web.Swagger2Controller#getDocumentation(String, HttpServletRequest)]
2020-07-24 10:22:51,526 INFO o.s.s.w.DefaultSecurityFilterChain [main] Creating filter chain: any request, [org.springframework.security.web.context.request.async.WebAsyncManagerIntegrationFilter@6de5ad56, org.springframework.security.web.context.SecurityContextPersistenceFilter@1d2d4d7a, org.springframework.security.web.header.HeaderWriterFilter@a0e33db, org.springframework.web.filter.CorsFilter@3155f190, org.springframework.security.web.authentication.logout.LogoutFilter@31e22365, com.ironhack.edgeservice.security.JwtAuthenticationFilter@1a89414e, org.springframework.security.web.savedrequest.RequestCacheAwareFilter@4bbc02ef, org.springframework.security.web.servletapi.SecurityContextHolderAwareRequestFilter@4990b335, org.springframework.security.web.authentication.AnonymousAuthenticationFilter@cfb94fd, org.springframework.security.web.session.SessionManagementFilter@3815a7d1, org.springframework.security.web.access.ExceptionTranslationFilter@1dbc607d, org.springframework.security.web.access.intercept.FilterSecurityInterceptor@5ca4c88a]
2020-07-24 10:22:52,252 INFO o.s.s.c.ThreadPoolTaskExecutor [main] Initializing ExecutorService 'applicationTaskExecutor'
2020-07-24 10:22:52,906 WARN o.s.c.l.c.BlockingLoadBalancerClientAutoConfiguration$BlockingLoadBalancerClientRibbonWarnLogger [main] You already have RibbonLoadBalancerClient on your classpath. It will be used by default. As Spring Cloud Ribbon is in maintenance mode. We recommend switching to BlockingLoadBalancerClient instead. In order to use it, set the value of `spring.cloud.loadbalancer.ribbon.enabled` to `false` or remove spring-cloud-starter-netflix-ribbon from your project.
2020-07-24 10:22:53,258 INFO o.s.c.n.e.InstanceInfoFactory [main] Setting initial instance status as: STARTING
2020-07-24 10:22:54,163 INFO o.s.c.n.e.s.EurekaServiceRegistry [main] Registering application EDGE-SERVICE with eureka with status UP
2020-07-24 10:22:54,232 INFO o.s.b.w.e.t.TomcatWebServer [main] Tomcat started on port(s): 8080 (http) with context path ''
2020-07-24 10:22:54,233 INFO o.s.c.n.e.s.EurekaAutoServiceRegistration [main] Updating port to 8080
2020-07-24 10:22:55,084 INFO c.i.e.EdgeServiceApplication [main] Started EdgeServiceApplication in 18.5 seconds (JVM running for 19.807)
2020-07-24 10:22:56,289 INFO o.s.w.s.DispatcherServlet [http-nio-8080-exec-1] Initializing Servlet 'dispatcherServlet'
2020-07-24 10:22:56,302 INFO o.s.w.s.DispatcherServlet [http-nio-8080-exec-1] Completed initialization in 13 ms
2020-07-24 10:25:36,276 INFO o.s.c.n.e.s.EurekaServiceRegistry [SpringContextShutdownHook] Unregistering application EDGE-SERVICE with eureka with status DOWN
2020-07-24 10:25:53,028 INFO o.s.c.c.c.ConfigServicePropertySourceLocator [main] Fetching config from server at : http://localhost:8888
2020-07-24 10:25:54,109 INFO o.s.c.c.c.ConfigServicePropertySourceLocator [main] Located environment: name=edge-service, profiles=[default], label=null, version=7472d934083efc1865f2712b48ab5dc058713181, state=null
2020-07-24 10:25:54,110 INFO o.s.c.b.c.PropertySourceBootstrapConfiguration [main] Located property source: [BootstrapPropertySource {name='bootstrapProperties-configClient'}, BootstrapPropertySource {name='bootstrapProperties-https://github.com/alvarofc/loan-properties/application.properties'}]
2020-07-24 10:25:54,115 INFO c.i.e.EdgeServiceApplication [main] No active profile set, falling back to default profiles: default
2020-07-24 10:25:55,418 INFO o.s.c.c.s.GenericScope [main] BeanFactory id=676c6046-434a-3636-8b3c-0f535ee3b6f5
2020-07-24 10:25:55,622 INFO o.s.c.s.PostProcessorRegistrationDelegate$BeanPostProcessorChecker [main] Bean 'com.ironhack.edgeservice.client.CommentServiceClient' of type [org.springframework.cloud.openfeign.FeignClientFactoryBean] is not eligible for getting processed by all BeanPostProcessors (for example: not eligible for auto-proxying)
2020-07-24 10:25:55,624 INFO o.s.c.s.PostProcessorRegistrationDelegate$BeanPostProcessorChecker [main] Bean 'com.ironhack.edgeservice.client.LoanServiceClient' of type [org.springframework.cloud.openfeign.FeignClientFactoryBean] is not eligible for getting processed by all BeanPostProcessors (for example: not eligible for auto-proxying)
2020-07-24 10:25:55,626 INFO o.s.c.s.PostProcessorRegistrationDelegate$BeanPostProcessorChecker [main] Bean 'com.ironhack.edgeservice.client.ProjectServiceClient' of type [org.springframework.cloud.openfeign.FeignClientFactoryBean] is not eligible for getting processed by all BeanPostProcessors (for example: not eligible for auto-proxying)
2020-07-24 10:25:55,628 INFO o.s.c.s.PostProcessorRegistrationDelegate$BeanPostProcessorChecker [main] Bean 'com.ironhack.edgeservice.client.UserServiceClient' of type [org.springframework.cloud.openfeign.FeignClientFactoryBean] is not eligible for getting processed by all BeanPostProcessors (for example: not eligible for auto-proxying)
2020-07-24 10:25:55,901 INFO o.s.c.s.PostProcessorRegistrationDelegate$BeanPostProcessorChecker [main] Bean 'org.springframework.security.access.expression.method.DefaultMethodSecurityExpressionHandler@42d9e8d2' of type [org.springframework.security.access.expression.method.DefaultMethodSecurityExpressionHandler] is not eligible for getting processed by all BeanPostProcessors (for example: not eligible for auto-proxying)
2020-07-24 10:25:55,911 INFO o.s.c.s.PostProcessorRegistrationDelegate$BeanPostProcessorChecker [main] Bean 'methodSecurityMetadataSource' of type [org.springframework.security.access.method.DelegatingMethodSecurityMetadataSource] is not eligible for getting processed by all BeanPostProcessors (for example: not eligible for auto-proxying)
2020-07-24 10:25:56,243 INFO o.s.b.w.e.t.TomcatWebServer [main] Tomcat initialized with port(s): 8080 (http)
2020-07-24 10:25:56,389 INFO o.s.b.w.s.c.ServletWebServerApplicationContext [main] Root WebApplicationContext: initialization completed in 2251 ms
2020-07-24 10:25:57,443 INFO s.d.s.w.PropertySourcedRequestMappingHandlerMapping [main] Mapped URL path [/v2/api-docs] onto method [springfox.documentation.swagger2.web.Swagger2Controller#getDocumentation(String, HttpServletRequest)]
2020-07-24 10:25:57,600 INFO o.s.s.w.DefaultSecurityFilterChain [main] Creating filter chain: any request, [org.springframework.security.web.context.request.async.WebAsyncManagerIntegrationFilter@424a152f, org.springframework.security.web.context.SecurityContextPersistenceFilter@6eb00cbe, org.springframework.security.web.header.HeaderWriterFilter@6408be5, org.springframework.web.filter.CorsFilter@408d945b, org.springframework.security.web.authentication.logout.LogoutFilter@624d778e, com.ironhack.edgeservice.security.JwtAuthenticationFilter@6851b296, org.springframework.security.web.savedrequest.RequestCacheAwareFilter@4d174189, org.springframework.security.web.servletapi.SecurityContextHolderAwareRequestFilter@a0e33db, org.springframework.security.web.authentication.AnonymousAuthenticationFilter@15ad5acb, org.springframework.security.web.session.SessionManagementFilter@2bd2430f, org.springframework.security.web.access.ExceptionTranslationFilter@23e9dd78, org.springframework.security.web.access.intercept.FilterSecurityInterceptor@b8142f4]
2020-07-24 10:25:57,993 INFO o.s.s.c.ThreadPoolTaskExecutor [main] Initializing ExecutorService 'applicationTaskExecutor'
2020-07-24 10:25:58,232 WARN o.s.c.l.c.BlockingLoadBalancerClientAutoConfiguration$BlockingLoadBalancerClientRibbonWarnLogger [main] You already have RibbonLoadBalancerClient on your classpath. It will be used by default. As Spring Cloud Ribbon is in maintenance mode. We recommend switching to BlockingLoadBalancerClient instead. In order to use it, set the value of `spring.cloud.loadbalancer.ribbon.enabled` to `false` or remove spring-cloud-starter-netflix-ribbon from your project.
2020-07-24 10:25:58,311 INFO o.s.c.n.e.InstanceInfoFactory [main] Setting initial instance status as: STARTING
2020-07-24 10:25:59,064 INFO o.s.c.n.e.s.EurekaServiceRegistry [main] Registering application EDGE-SERVICE with eureka with status UP
2020-07-24 10:25:59,107 INFO o.s.b.w.e.t.TomcatWebServer [main] Tomcat started on port(s): 8080 (http) with context path ''
2020-07-24 10:25:59,108 INFO o.s.c.n.e.s.EurekaAutoServiceRegistration [main] Updating port to 8080
2020-07-24 10:25:59,355 INFO c.i.e.EdgeServiceApplication [main] Started EdgeServiceApplication in 7.691 seconds (JVM running for 8.632)
2020-07-24 10:26:03,272 INFO o.s.w.s.DispatcherServlet [http-nio-8080-exec-2] Initializing Servlet 'dispatcherServlet'
2020-07-24 10:26:03,310 INFO o.s.w.s.DispatcherServlet [http-nio-8080-exec-2] Completed initialization in 37 ms
2020-07-24 10:26:03,605 WARN o.s.w.s.m.s.DefaultHandlerExceptionResolver [http-nio-8080-exec-2] Resolved [org.springframework.web.bind.MissingServletRequestParameterException: Required Integer parameter 'id' is not present]
2020-07-24 10:26:51,860 INFO o.s.c.n.e.s.EurekaServiceRegistry [SpringContextShutdownHook] Unregistering application EDGE-SERVICE with eureka with status DOWN
2020-07-24 10:27:08,442 INFO o.s.c.c.c.ConfigServicePropertySourceLocator [main] Fetching config from server at : http://localhost:8888
2020-07-24 10:27:09,380 INFO o.s.c.c.c.ConfigServicePropertySourceLocator [main] Located environment: name=edge-service, profiles=[default], label=null, version=7472d934083efc1865f2712b48ab5dc058713181, state=null
2020-07-24 10:27:09,381 INFO o.s.c.b.c.PropertySourceBootstrapConfiguration [main] Located property source: [BootstrapPropertySource {name='bootstrapProperties-configClient'}, BootstrapPropertySource {name='bootstrapProperties-https://github.com/alvarofc/loan-properties/application.properties'}]
2020-07-24 10:27:09,387 INFO c.i.e.EdgeServiceApplication [main] No active profile set, falling back to default profiles: default
2020-07-24 10:27:10,640 INFO o.s.c.c.s.GenericScope [main] BeanFactory id=676c6046-434a-3636-8b3c-0f535ee3b6f5
2020-07-24 10:27:10,831 INFO o.s.c.s.PostProcessorRegistrationDelegate$BeanPostProcessorChecker [main] Bean 'com.ironhack.edgeservice.client.CommentServiceClient' of type [org.springframework.cloud.openfeign.FeignClientFactoryBean] is not eligible for getting processed by all BeanPostProcessors (for example: not eligible for auto-proxying)
2020-07-24 10:27:10,832 INFO o.s.c.s.PostProcessorRegistrationDelegate$BeanPostProcessorChecker [main] Bean 'com.ironhack.edgeservice.client.LoanServiceClient' of type [org.springframework.cloud.openfeign.FeignClientFactoryBean] is not eligible for getting processed by all BeanPostProcessors (for example: not eligible for auto-proxying)
2020-07-24 10:27:10,834 INFO o.s.c.s.PostProcessorRegistrationDelegate$BeanPostProcessorChecker [main] Bean 'com.ironhack.edgeservice.client.ProjectServiceClient' of type [org.springframework.cloud.openfeign.FeignClientFactoryBean] is not eligible for getting processed by all BeanPostProcessors (for example: not eligible for auto-proxying)
2020-07-24 10:27:10,836 INFO o.s.c.s.PostProcessorRegistrationDelegate$BeanPostProcessorChecker [main] Bean 'com.ironhack.edgeservice.client.UserServiceClient' of type [org.springframework.cloud.openfeign.FeignClientFactoryBean] is not eligible for getting processed by all BeanPostProcessors (for example: not eligible for auto-proxying)
2020-07-24 10:27:11,080 INFO o.s.c.s.PostProcessorRegistrationDelegate$BeanPostProcessorChecker [main] Bean 'org.springframework.security.access.expression.method.DefaultMethodSecurityExpressionHandler@751d7425' of type [org.springframework.security.access.expression.method.DefaultMethodSecurityExpressionHandler] is not eligible for getting processed by all BeanPostProcessors (for example: not eligible for auto-proxying)
2020-07-24 10:27:11,087 INFO o.s.c.s.PostProcessorRegistrationDelegate$BeanPostProcessorChecker [main] Bean 'methodSecurityMetadataSource' of type [org.springframework.security.access.method.DelegatingMethodSecurityMetadataSource] is not eligible for getting processed by all BeanPostProcessors (for example: not eligible for auto-proxying)
2020-07-24 10:27:11,390 INFO o.s.b.w.e.t.TomcatWebServer [main] Tomcat initialized with port(s): 8080 (http)
2020-07-24 10:27:11,553 INFO o.s.b.w.s.c.ServletWebServerApplicationContext [main] Root WebApplicationContext: initialization completed in 2145 ms
2020-07-24 10:27:12,539 INFO s.d.s.w.PropertySourcedRequestMappingHandlerMapping [main] Mapped URL path [/v2/api-docs] onto method [springfox.documentation.swagger2.web.Swagger2Controller#getDocumentation(String, HttpServletRequest)]
2020-07-24 10:27:12,681 INFO o.s.s.w.DefaultSecurityFilterChain [main] Creating filter chain: any request, [org.springframework.security.web.context.request.async.WebAsyncManagerIntegrationFilter@15ad5acb, org.springframework.security.web.context.SecurityContextPersistenceFilter@23e9dd78, org.springframework.security.web.header.HeaderWriterFilter@448892f1, org.springframework.web.filter.CorsFilter@59c862af, org.springframework.security.web.authentication.logout.LogoutFilter@181098bf, com.ironhack.edgeservice.security.JwtAuthenticationFilter@3ff8a3ad, org.springframework.security.web.savedrequest.RequestCacheAwareFilter@6408be5, org.springframework.security.web.servletapi.SecurityContextHolderAwareRequestFilter@2e44cb34, org.springframework.security.web.authentication.AnonymousAuthenticationFilter@4bb9f7d4, org.springframework.security.web.session.SessionManagementFilter@13aa54f1, org.springframework.security.web.access.ExceptionTranslationFilter@1dd443c1, org.springframework.security.web.access.intercept.FilterSecurityInterceptor@4d75c604]
2020-07-24 10:27:13,120 INFO o.s.s.c.ThreadPoolTaskExecutor [main] Initializing ExecutorService 'applicationTaskExecutor'
2020-07-24 10:27:13,367 WARN o.s.c.l.c.BlockingLoadBalancerClientAutoConfiguration$BlockingLoadBalancerClientRibbonWarnLogger [main] You already have RibbonLoadBalancerClient on your classpath. It will be used by default. As Spring Cloud Ribbon is in maintenance mode. We recommend switching to BlockingLoadBalancerClient instead. In order to use it, set the value of `spring.cloud.loadbalancer.ribbon.enabled` to `false` or remove spring-cloud-starter-netflix-ribbon from your project.
2020-07-24 10:27:13,463 INFO o.s.c.n.e.InstanceInfoFactory [main] Setting initial instance status as: STARTING
2020-07-24 10:27:14,200 INFO o.s.c.n.e.s.EurekaServiceRegistry [main] Registering application EDGE-SERVICE with eureka with status UP
2020-07-24 10:27:14,246 INFO o.s.b.w.e.t.TomcatWebServer [main] Tomcat started on port(s): 8080 (http) with context path ''
2020-07-24 10:27:14,247 INFO o.s.c.n.e.s.EurekaAutoServiceRegistration [main] Updating port to 8080
2020-07-24 10:27:14,465 INFO c.i.e.EdgeServiceApplication [main] Started EdgeServiceApplication in 7.446 seconds (JVM running for 8.795)
2020-07-24 10:27:18,916 INFO o.s.w.s.DispatcherServlet [http-nio-8080-exec-2] Initializing Servlet 'dispatcherServlet'
2020-07-24 10:27:18,939 INFO o.s.w.s.DispatcherServlet [http-nio-8080-exec-2] Completed initialization in 22 ms
2020-07-24 19:18:41,940 INFO o.s.c.n.e.s.EurekaServiceRegistry [SpringContextShutdownHook] Unregistering application EDGE-SERVICE with eureka with status DOWN
2020-07-24 19:19:08,501 INFO o.s.c.c.c.ConfigServicePropertySourceLocator [main] Fetching config from server at : http://localhost:8888
2020-07-24 19:19:10,617 INFO o.s.c.c.c.ConfigServicePropertySourceLocator [main] Located environment: name=edge-service, profiles=[default], label=null, version=7472d934083efc1865f2712b48ab5dc058713181, state=null
2020-07-24 19:19:10,618 INFO o.s.c.b.c.PropertySourceBootstrapConfiguration [main] Located property source: [BootstrapPropertySource {name='bootstrapProperties-configClient'}, BootstrapPropertySource {name='bootstrapProperties-https://github.com/alvarofc/loan-properties/application.properties'}]
2020-07-24 19:19:10,624 INFO c.i.e.EdgeServiceApplication [main] No active profile set, falling back to default profiles: default
2020-07-24 19:19:12,147 INFO o.s.c.c.s.GenericScope [main] BeanFactory id=0b7d5d05-c2e4-307e-9c25-d23c81eb2882
2020-07-24 19:19:12,361 INFO o.s.c.s.PostProcessorRegistrationDelegate$BeanPostProcessorChecker [main] Bean 'com.ironhack.edgeservice.client.CommentServiceClient' of type [org.springframework.cloud.openfeign.FeignClientFactoryBean] is not eligible for getting processed by all BeanPostProcessors (for example: not eligible for auto-proxying)
2020-07-24 19:19:12,362 INFO o.s.c.s.PostProcessorRegistrationDelegate$BeanPostProcessorChecker [main] Bean 'com.ironhack.edgeservice.client.LoanServiceClient' of type [org.springframework.cloud.openfeign.FeignClientFactoryBean] is not eligible for getting processed by all BeanPostProcessors (for example: not eligible for auto-proxying)
2020-07-24 19:19:12,366 INFO o.s.c.s.PostProcessorRegistrationDelegate$BeanPostProcessorChecker [main] Bean 'com.ironhack.edgeservice.client.ProjectServiceClient' of type [org.springframework.cloud.openfeign.FeignClientFactoryBean] is not eligible for getting processed by all BeanPostProcessors (for example: not eligible for auto-proxying)
2020-07-24 19:19:12,367 INFO o.s.c.s.PostProcessorRegistrationDelegate$BeanPostProcessorChecker [main] Bean 'com.ironhack.edgeservice.client.UserServiceClient' of type [org.springframework.cloud.openfeign.FeignClientFactoryBean] is not eligible for getting processed by all BeanPostProcessors (for example: not eligible for auto-proxying)
2020-07-24 19:19:12,629 INFO o.s.c.s.PostProcessorRegistrationDelegate$BeanPostProcessorChecker [main] Bean 'org.springframework.security.access.expression.method.DefaultMethodSecurityExpressionHandler@3ca3648' of type [org.springframework.security.access.expression.method.DefaultMethodSecurityExpressionHandler] is not eligible for getting processed by all BeanPostProcessors (for example: not eligible for auto-proxying)
2020-07-24 19:19:12,640 INFO o.s.c.s.PostProcessorRegistrationDelegate$BeanPostProcessorChecker [main] Bean 'methodSecurityMetadataSource' of type [org.springframework.security.access.method.DelegatingMethodSecurityMetadataSource] is not eligible for getting processed by all BeanPostProcessors (for example: not eligible for auto-proxying)
2020-07-24 19:19:12,988 INFO o.s.b.w.e.t.TomcatWebServer [main] Tomcat initialized with port(s): 8080 (http)
2020-07-24 19:19:13,161 INFO o.s.b.w.s.c.ServletWebServerApplicationContext [main] Root WebApplicationContext: initialization completed in 2515 ms
2020-07-24 19:19:14,305 INFO s.d.s.w.PropertySourcedRequestMappingHandlerMapping [main] Mapped URL path [/v2/api-docs] onto method [springfox.documentation.swagger2.web.Swagger2Controller#getDocumentation(String, HttpServletRequest)]
2020-07-24 19:19:14,517 INFO o.s.s.w.DefaultSecurityFilterChain [main] Creating filter chain: any request, [org.springframework.security.web.context.request.async.WebAsyncManagerIntegrationFilter@60b553f, org.springframework.security.web.context.SecurityContextPersistenceFilter@362cf66, org.springframework.security.web.header.HeaderWriterFilter@2890e479, org.springframework.web.filter.CorsFilter@2aa811f9, org.springframework.security.web.authentication.logout.LogoutFilter@2bc59ab7, com.ironhack.edgeservice.security.JwtAuthenticationFilter@2807cf3, org.springframework.security.web.savedrequest.RequestCacheAwareFilter@65da4a5d, org.springframework.security.web.servletapi.SecurityContextHolderAwareRequestFilter@24dc150c, org.springframework.security.web.authentication.AnonymousAuthenticationFilter@66abb2fa, org.springframework.security.web.session.SessionManagementFilter@3ef46749, org.springframework.security.web.access.ExceptionTranslationFilter@23c72128, org.springframework.security.web.access.intercept.FilterSecurityInterceptor@4e3ee457]
2020-07-24 19:19:14,908 INFO o.s.s.c.ThreadPoolTaskExecutor [main] Initializing ExecutorService 'applicationTaskExecutor'
2020-07-24 19:19:15,176 WARN o.s.c.l.c.BlockingLoadBalancerClientAutoConfiguration$BlockingLoadBalancerClientRibbonWarnLogger [main] You already have RibbonLoadBalancerClient on your classpath. It will be used by default. As Spring Cloud Ribbon is in maintenance mode. We recommend switching to BlockingLoadBalancerClient instead. In order to use it, set the value of `spring.cloud.loadbalancer.ribbon.enabled` to `false` or remove spring-cloud-starter-netflix-ribbon from your project.
2020-07-24 19:19:15,260 INFO o.s.c.n.e.InstanceInfoFactory [main] Setting initial instance status as: STARTING
2020-07-24 19:19:16,151 INFO o.s.c.n.e.s.EurekaServiceRegistry [main] Registering application EDGE-SERVICE with eureka with status UP
2020-07-24 19:19:16,190 INFO o.s.b.w.e.t.TomcatWebServer [main] Tomcat started on port(s): 8080 (http) with context path ''
2020-07-24 19:19:16,191 INFO o.s.c.n.e.s.EurekaAutoServiceRegistration [main] Updating port to 8080
2020-07-24 19:19:16,408 INFO c.i.e.EdgeServiceApplication [main] Started EdgeServiceApplication in 9.089 seconds (JVM running for 10.205)
2020-07-24 19:19:20,297 INFO o.s.w.s.DispatcherServlet [http-nio-8080-exec-1] Initializing Servlet 'dispatcherServlet'
2020-07-24 19:19:20,342 INFO o.s.w.s.DispatcherServlet [http-nio-8080-exec-1] Completed initialization in 42 ms
2020-07-24 19:19:52,983 INFO o.s.c.c.c.ConfigServicePropertySourceLocator [main] Fetching config from server at : http://localhost:8888
2020-07-24 19:19:54,061 INFO o.s.c.c.c.ConfigServicePropertySourceLocator [main] Located environment: name=edge-service, profiles=[default], label=null, version=7472d934083efc1865f2712b48ab5dc058713181, state=null
2020-07-24 19:19:54,062 INFO o.s.c.b.c.PropertySourceBootstrapConfiguration [main] Located property source: [BootstrapPropertySource {name='bootstrapProperties-configClient'}, BootstrapPropertySource {name='bootstrapProperties-https://github.com/alvarofc/loan-properties/application.properties'}]
2020-07-24 19:19:54,073 INFO c.i.e.EdgeServiceApplication [main] No active profile set, falling back to default profiles: default
2020-07-24 19:19:55,539 INFO o.s.c.c.s.GenericScope [main] BeanFactory id=0b7d5d05-c2e4-307e-9c25-d23c81eb2882
2020-07-24 19:19:55,731 INFO o.s.c.s.PostProcessorRegistrationDelegate$BeanPostProcessorChecker [main] Bean 'com.ironhack.edgeservice.client.CommentServiceClient' of type [org.springframework.cloud.openfeign.FeignClientFactoryBean] is not eligible for getting processed by all BeanPostProcessors (for example: not eligible for auto-proxying)
2020-07-24 19:19:55,732 INFO o.s.c.s.PostProcessorRegistrationDelegate$BeanPostProcessorChecker [main] Bean 'com.ironhack.edgeservice.client.LoanServiceClient' of type [org.springframework.cloud.openfeign.FeignClientFactoryBean] is not eligible for getting processed by all BeanPostProcessors (for example: not eligible for auto-proxying)
2020-07-24 19:19:55,733 INFO o.s.c.s.PostProcessorRegistrationDelegate$BeanPostProcessorChecker [main] Bean 'com.ironhack.edgeservice.client.ProjectServiceClient' of type [org.springframework.cloud.openfeign.FeignClientFactoryBean] is not eligible for getting processed by all BeanPostProcessors (for example: not eligible for auto-proxying)
2020-07-24 19:19:55,734 INFO o.s.c.s.PostProcessorRegistrationDelegate$BeanPostProcessorChecker [main] Bean 'com.ironhack.edgeservice.client.UserServiceClient' of type [org.springframework.cloud.openfeign.FeignClientFactoryBean] is not eligible for getting processed by all BeanPostProcessors (for example: not eligible for auto-proxying)
2020-07-24 19:19:56,062 INFO o.s.c.s.PostProcessorRegistrationDelegate$BeanPostProcessorChecker [main] Bean 'org.springframework.security.access.expression.method.DefaultMethodSecurityExpressionHandler@1860a7a1' of type [org.springframework.security.access.expression.method.DefaultMethodSecurityExpressionHandler] is not eligible for getting processed by all BeanPostProcessors (for example: not eligible for auto-proxying)
2020-07-24 19:19:56,069 INFO o.s.c.s.PostProcessorRegistrationDelegate$BeanPostProcessorChecker [main] Bean 'methodSecurityMetadataSource' of type [org.springframework.security.access.method.DelegatingMethodSecurityMetadataSource] is not eligible for getting processed by all BeanPostProcessors (for example: not eligible for auto-proxying)
2020-07-24 19:19:56,388 INFO o.s.b.w.e.t.TomcatWebServer [main] Tomcat initialized with port(s): 8080 (http)
2020-07-24 19:19:56,547 INFO o.s.b.w.s.c.ServletWebServerApplicationContext [main] Root WebApplicationContext: initialization completed in 2432 ms
2020-07-24 19:19:57,583 INFO s.d.s.w.PropertySourcedRequestMappingHandlerMapping [main] Mapped URL path [/v2/api-docs] onto method [springfox.documentation.swagger2.web.Swagger2Controller#getDocumentation(String, HttpServletRequest)]
2020-07-24 19:19:57,739 INFO o.s.s.w.DefaultSecurityFilterChain [main] Creating filter chain: any request, [org.springframework.security.web.context.request.async.WebAsyncManagerIntegrationFilter@4dad2363, org.springframework.security.web.context.SecurityContextPersistenceFilter@26c6288d, org.springframework.security.web.header.HeaderWriterFilter@56402642, org.springframework.web.filter.CorsFilter@114b2414, org.springframework.security.web.authentication.logout.LogoutFilter@56a09a5c, com.ironhack.edgeservice.security.JwtAuthenticationFilter@139089a4, org.springframework.security.web.savedrequest.RequestCacheAwareFilter@644b68ad, org.springframework.security.web.servletapi.SecurityContextHolderAwareRequestFilter@49f2646, org.springframework.security.web.authentication.AnonymousAuthenticationFilter@57920d6c, org.springframework.security.web.session.SessionManagementFilter@6c1bebca, org.springframework.security.web.access.ExceptionTranslationFilter@1a4cbcc6, org.springframework.security.web.access.intercept.FilterSecurityInterceptor@18887028]
2020-07-24 19:19:58,056 INFO o.s.s.c.ThreadPoolTaskExecutor [main] Initializing ExecutorService 'applicationTaskExecutor'
2020-07-24 19:19:58,282 WARN o.s.c.l.c.BlockingLoadBalancerClientAutoConfiguration$BlockingLoadBalancerClientRibbonWarnLogger [main] You already have RibbonLoadBalancerClient on your classpath. It will be used by default. As Spring Cloud Ribbon is in maintenance mode. We recommend switching to BlockingLoadBalancerClient instead. In order to use it, set the value of `spring.cloud.loadbalancer.ribbon.enabled` to `false` or remove spring-cloud-starter-netflix-ribbon from your project.
2020-07-24 19:19:58,359 INFO o.s.c.n.e.InstanceInfoFactory [main] Setting initial instance status as: STARTING
2020-07-24 19:19:59,074 INFO o.s.c.n.e.s.EurekaServiceRegistry [main] Registering application EDGE-SERVICE with eureka with status UP
2020-07-24 19:19:59,106 INFO o.s.b.w.e.t.TomcatWebServer [main] Tomcat started on port(s): 8080 (http) with context path ''
2020-07-24 19:19:59,107 INFO o.s.c.n.e.s.EurekaAutoServiceRegistration [main] Updating port to 8080
2020-07-24 19:19:59,367 INFO c.i.e.EdgeServiceApplication [main] Started EdgeServiceApplication in 7.353 seconds (JVM running for 8.246)
2020-07-24 19:20:05,135 INFO o.s.w.s.DispatcherServlet [http-nio-8080-exec-1] Initializing Servlet 'dispatcherServlet'
2020-07-24 19:20:05,166 INFO o.s.w.s.DispatcherServlet [http-nio-8080-exec-1] Completed initialization in 27 ms
